TID: [-1234] [2024-03-18 15:57:43,733]  INFO {AUDIT_LOG} - Initiator=wso2.system.user Action=Get-User-Claim-Values Target=admin Data={"Claims":{},"Profile":"default"} Outcome=Success
TID: [-1234] [2024-03-18 15:57:43,733]  INFO {AUDIT_LOG} - Initiator=wso2.system.user Action=Get-User-Claim-Values Target=admin Data={"Claims":{},"Profile":"default"} Outcome=Success
TID: [-1234] [2024-03-18 15:57:43,733]  INFO {AUDIT_LOG} - Initiator=wso2.system.user Action=Get-User-Claim-Values Target=admin Data={"Claims":{},"Profile":"default"} Outcome=Success
TID: [-1234] [2024-03-18 15:57:43,734]  INFO {AUDIT_LOG} - Initiator=wso2.system.user Action=Get-User-Claim-Values Target=admin Data={"Claims":{},"Profile":"default"} Outcome=Success
TID: [-1234] [2024-03-18 15:57:43,734]  INFO {AUDIT_LOG} - Initiator=wso2.system.user Action=Get-User-Claim-Values Target=admin Data={"Claims":{},"Profile":"default"} Outcome=Success
TID: [-1234] [2024-03-18 15:57:43,734]  INFO {AUDIT_LOG} - Initiator=wso2.system.user Action=Get-User-Claim-Values Target=admin Data={"Claims":{},"Profile":"default"} Outcome=Success
TID: [-1234] [2024-03-18 15:57:43,734]  INFO {AUDIT_LOG} - Initiator=wso2.system.user Action=Get-User-Claim-Values Target=admin Data={"Claims":{},"Profile":"default"} Outcome=Success
TID: [-1234] [2024-03-18 15:57:43,735]  INFO {AUDIT_LOG} - Initiator=wso2.system.user Action=Get-User-Claim-Values Target=admin Data={"Claims":{},"Profile":"default"} Outcome=Success
TID: [-1234] [2024-03-18 15:57:43,735]  INFO {AUDIT_LOG} - Initiator=wso2.system.user Action=Get-User-Claim-Values Target=admin Data={"Claims":{},"Profile":"default"} Outcome=Success
TID: [-1234] [2024-03-18 15:57:43,735]  INFO {AUDIT_LOG} - Initiator=wso2.system.user Action=Get-User-Claim-Values Target=admin Data={"Claims":{},"Profile":"default"} Outcome=Success
TID: [-1234] [2024-03-18 15:57:43,739]  INFO {AUDIT_LOG} - Initiator=wso2.system.user Action=Get-User-Claim-Values Target=admin Data={"Claims":{},"Profile":"default"} Outcome=Success
TID: [-1234] [2024-03-18 15:57:43,739]  INFO {AUDIT_LOG} - Initiator=wso2.system.user Action=Get-User-Claim-Values Target=admin Data={"Claims":{},"Profile":"default"} Outcome=Success
TID: [-1234] [2024-03-18 15:57:43,739]  INFO {AUDIT_LOG} - Initiator=wso2.system.user Action=Get-User-Claim-Values Target=admin Data={"Claims":{},"Profile":"default"} Outcome=Success
TID: [-1234] [2024-03-18 15:57:43,739]  INFO {AUDIT_LOG} - Initiator=wso2.system.user Action=Get-User-Claim-Values Target=admin Data={"Claims":{},"Profile":"default"} Outcome=Success
TID: [-1234] [2024-03-18 15:57:43,739]  INFO {AUDIT_LOG} - Initiator=wso2.system.user Action=Get-User-Claim-Values Target=admin Data={"Claims":{},"Profile":"default"} Outcome=Success
TID: [-1234] [2024-03-18 15:57:43,740]  INFO {AUDIT_LOG} - Initiator=wso2.system.user Action=Get-User-Claim-Values Target=admin Data={"Claims":{},"Profile":"default"} Outcome=Success
TID: [-1234] [2024-03-18 15:57:43,740]  INFO {AUDIT_LOG} - Initiator=wso2.system.user Action=Get-User-Claim-Values Target=admin Data={"Claims":{},"Profile":"default"} Outcome=Success
TID: [-1234] [2024-03-18 15:57:43,740]  INFO {AUDIT_LOG} - Initiator=wso2.system.user Action=Get-User-Claim-Values Target=admin Data={"Claims":{},"Profile":"default"} Outcome=Success
TID: [-1234] [2024-03-18 15:57:43,740]  INFO {AUDIT_LOG} - Initiator=wso2.system.user Action=Get-User-Claim-Values Target=admin Data={"Claims":{},"Profile":"default"} Outcome=Success
TID: [-1234] [2024-03-18 15:57:43,740]  INFO {AUDIT_LOG} - Initiator=wso2.system.user Action=Get-User-Claim-Values Target=admin Data={"Claims":{},"Profile":"default"} Outcome=Success
TID: [-1234] [2024-03-18 15:57:43,741]  INFO {AUDIT_LOG} - Initiator=wso2.system.user Action=Get-User-Claim-Values Target=admin Data={"Claims":{},"Profile":"default"} Outcome=Success
TID: [-1234] [2024-03-18 15:57:43,741]  INFO {AUDIT_LOG} - Initiator=wso2.system.user Action=Get-User-Claim-Values Target=admin Data={"Claims":{},"Profile":"default"} Outcome=Success
TID: [-1234] [2024-03-18 15:57:43,746]  INFO {AUDIT_LOG} - Initiator=wso2.system.user Action=Get-User-Claim-Values Target=admin Data={"Claims":{},"Profile":"default"} Outcome=Success
TID: [-1234] [2024-03-18 15:57:43,746]  INFO {AUDIT_LOG} - Initiator=wso2.system.user Action=Get-User-Claim-Values Target=admin Data={"Claims":{},"Profile":"default"} Outcome=Success
TID: [-1234] [2024-03-18 15:57:44,057]  INFO {AUDIT_LOG} - Initiator=wso2.system.user Action=Get-User-Claim-Values Target=admin Data={"Claims":{},"Profile":"default"} Outcome=Success
TID: [-1234] [2024-03-18 15:57:44,059]  INFO {AUDIT_LOG} - Initiator=wso2.system.user Action=Get-User-Claim-Values Target=admin Data={"Claims":{},"Profile":"default"} Outcome=Success
TID: [-1234] [2024-03-18 15:57:44,071]  INFO {AUDIT_LOG} - Initiator=wso2.system.user Action=Get-User-Claim-Values Target=admin Data={"Claims":{},"Profile":"default"} Outcome=Success
TID: [-1234] [2024-03-18 15:57:44,075]  INFO {AUDIT_LOG} - Initiator=wso2.system.user Action=Get-User-Claim-Values Target=admin Data={"Claims":{},"Profile":"default"} Outcome=Success
TID: [-1234] [2024-03-18 15:57:44,078]  INFO {AUDIT_LOG} - Initiator=wso2.system.user Action=Get-User-Claim-Values Target=admin Data={"Claims":{},"Profile":"default"} Outcome=Success
TID: [-1234] [2024-03-18 15:57:44,082]  INFO {AUDIT_LOG} - Initiator=wso2.system.user Action=Get-User-Claim-Values Target=admin Data={"Claims":{},"Profile":"default"} Outcome=Success
TID: [-1234] [2024-03-18 15:57:44,084]  INFO {AUDIT_LOG} - Initiator=wso2.system.user Action=Get-User-Claim-Values Target=admin Data={"Claims":{},"Profile":"default"} Outcome=Success
TID: [-1234] [2024-03-18 15:57:44,091]  INFO {AUDIT_LOG} - Initiator=wso2.system.user Action=Get-User-Claim-Values Target=admin Data={"Claims":{},"Profile":"default"} Outcome=Success
TID: [-1234] [2024-03-18 15:57:44,303]  INFO {AUDIT_LOG} - Initiator=wso2.system.user Action=Get-Roles-of-User Target=admin Data={"Filter":"*","Roles":["Application/admin_42b717c3-b778-4abf-be53-da25c0376b4c_SANDBOX","Internal/everyone","admin","Application/apim_publisher","Internal/integration_dev","Internal/subscriber","Internal/creator","Application/apim_devportal","Application/admin_42b717c3-b778-4abf-be53-da25c0376b4c_PRODUCTION","Internal/publisher","Internal/devops","Internal/analytics","Internal/observer"]} Outcome=Success
TID: [-1234] [2024-03-18 15:57:45,851]  INFO {AUDIT_LOG} - Initiator=wso2.system.user Action=Get-User-Claim-Values Target=admin Data={"Claims":{},"Profile":"default"} Outcome=Success
TID: [-1234] [2024-03-18 15:57:45,932]  INFO {AUDIT_LOG} - Initiator=wso2.system.user Action=Get-User-Claim-Values Target=admin Data={"Claims":{},"Profile":"default"} Outcome=Success
TID: [-1234] [2024-03-18 15:57:46,317]  INFO {AUDIT_LOG} - Initiator=wso2.system.user Action=Get-User-Claim-Values Target=admin Data={"Claims":{},"Profile":"default"} Outcome=Success
TID: [-1234] [2024-03-18 15:57:47,004]  INFO {AUDIT_LOG} - Initiator=wso2.system.user Action=Get-User-Claim-Values Target=admin Data={"Claims":{},"Profile":"default"} Outcome=Success
TID: [-1234] [2024-03-18 15:57:47,291]  INFO {AUDIT_LOG} - Initiator=wso2.system.user Action=Get-User-Claim-Values Target=admin Data={"Claims":{},"Profile":"default"} Outcome=Success
TID: [-1234] [2024-03-18 15:57:47,905]  INFO {AUDIT_LOG} - Initiator=wso2.system.user Action=Get-User-Claim-Values Target=admin Data={"Claims":{},"Profile":"default"} Outcome=Success
TID: [-1234] [2024-03-18 16:18:17,563]  INFO {AUDIT_LOG} - Initiator=wso2.system.user Action=Get-Roles-of-User Target=admin Data={"Filter":"*","Roles":["Application/admin_42b717c3-b778-4abf-be53-da25c0376b4c_SANDBOX","Internal/everyone","admin","Application/apim_publisher","Internal/integration_dev","Internal/subscriber","Internal/creator","Application/apim_devportal","Application/admin_42b717c3-b778-4abf-be53-da25c0376b4c_PRODUCTION","Internal/publisher","Internal/devops","Internal/analytics","Internal/observer"]} Outcome=Success
TID: [-1234] [2024-03-18 16:18:18,651]  INFO {AUDIT_LOG} - Initiator=wso2.system.user Action=Get-User-Claim-Values Target=admin Data={"Claims":{},"Profile":"default"} Outcome=Success
TID: [-1234] [2024-03-18 16:18:19,545]  INFO {AUDIT_LOG} - Initiator=wso2.system.user Action=Get-User-Claim-Values Target=admin Data={"Claims":{},"Profile":"default"} Outcome=Success
TID: [-1234] [2024-03-18 16:18:36,092]  INFO {AUDIT_LOG} - Initiator=wso2.system.user Action=Get-User-Claim-Values Target=admin Data={"Claims":{},"Profile":"default"} Outcome=Success
TID: [-1234] [2024-03-18 16:19:27,999]  INFO {AUDIT_LOG} - Initiator=wso2.system.user Action=Get-User-Claim-Values Target=admin Data={"ServiceProviderName":"apim_publisher","Claims":{},"Profile":"default"} Outcome=Success
TID: [-1234] [2024-03-18 16:19:28,017]  INFO {AUDIT_LOG} - Initiator : admin | Action : LoginStepSuccess | Target : ApplicationAuthenticationFramework | Data : { "ContextIdentifier" : "0b0021fc-1cf8-4b90-a01a-197e64385f31","AuthenticatedUser" : "admin","AuthenticatedUserTenantDomain" : "carbon.super","ServiceProviderName" : "apim_publisher","RequestType" : "oidc","RelyingParty" : "qK6XfUyETe94iPOQe8BCVjkatyIa","AuthenticatedIdP" : "LOCAL","User Agent" : "null","RemoteAddress" : "null","UserStoreDomain" : "PRIMARY" } | Result : Success 
TID: [-1234] [2024-03-18 16:19:28,047]  INFO {AUDIT_LOG} - Initiator=wso2.system.user Action=Get-User-Claim-Values Target=admin Data={"ServiceProviderName":"apim_publisher","Claims":{"http://wso2.org/claims/username":"admin","http://wso2.org/claims/userid":"1a07ba06-bc09-447c-b64f-da7fbad618cd","http://wso2.org/claims/role":"Application/admin_42b717c3-b778-4abf-be53-da25c0376b4c_SANDBOX,Internal/everyone,admin,Application/apim_publisher,Internal/integration_dev,Internal/subscriber,Internal/creator,Application/apim_devportal,Application/admin_42b717c3-b778-4abf-be53-da25c0376b4c_PRODUCTION,Internal/publisher,Internal/devops,Internal/analytics,Internal/observer","http://wso2.org/claims/userprincipal":"admin"}} Outcome=Success
TID: [-1234] [2024-03-18 16:19:28,293]  INFO {AUDIT_LOG} - Initiator : admin | Action : Login | Target : ApplicationAuthenticationFramework | Data : { "ContextIdentifier" : "0b0021fc-1cf8-4b90-a01a-197e64385f31","AuthenticatedUser" : "admin","AuthenticatedUserTenantDomain" : "carbon.super","ServiceProviderName" : "apim_publisher","RequestType" : "oidc","RelyingParty" : "qK6XfUyETe94iPOQe8BCVjkatyIa","AuthenticatedIdPs" : "eyJ0eXAiOiJKV1QiLCAiYWxnIjoiSFMyNTYifQ==.eyJpc3MiOiJ3c28yIiwiZXhwIjoxNzEwNzg5NTY4MDM0MzAwMCwiaWF0IjoxNzEwNzg5NTY4MDM0LCJpZHBzIjpbeyJpZHAiOiJMT0NBTCIsImF1dGhlbnRpY2F0b3IiOiJCYXNpY0F1dGhlbnRpY2F0b3IifV19.ke4OaXlibqQQcJqcMzKoJ+CS4dU=","User Agent" : "null","RemoteAddress" : "null","UserStoreDomain" : "PRIMARY" } | Result : Success 
TID: [-1234] [2024-03-18 16:19:29,564]  INFO {AUDIT_LOG} - Initiator=wso2.system.user Action=Get-User-Claim-Values Target=admin Data={"Claims":{},"Profile":"default"} Outcome=Success
TID: [-1234] [2024-03-18 19:09:05,249]  INFO {AUDIT_LOG} - Initiator=wso2.system.user Action=Get-User-Claim-Values Target=admin Data={"Claims":{},"Profile":"default"} Outcome=Success
TID: [-1234] [2024-03-18 19:09:05,249]  INFO {AUDIT_LOG} - Initiator=wso2.system.user Action=Get-User-Claim-Values Target=admin Data={"Claims":{},"Profile":"default"} Outcome=Success
TID: [-1234] [2024-03-18 19:09:05,249]  INFO {AUDIT_LOG} - Initiator=wso2.system.user Action=Get-User-Claim-Values Target=admin Data={"Claims":{},"Profile":"default"} Outcome=Success
TID: [-1234] [2024-03-18 19:09:05,249]  INFO {AUDIT_LOG} - Initiator=wso2.system.user Action=Get-User-Claim-Values Target=admin Data={"Claims":{},"Profile":"default"} Outcome=Success
TID: [-1234] [2024-03-18 19:09:05,250]  INFO {AUDIT_LOG} - Initiator=wso2.system.user Action=Get-User-Claim-Values Target=admin Data={"Claims":{},"Profile":"default"} Outcome=Success
TID: [-1234] [2024-03-18 19:09:05,250]  INFO {AUDIT_LOG} - Initiator=wso2.system.user Action=Get-User-Claim-Values Target=admin Data={"Claims":{},"Profile":"default"} Outcome=Success
TID: [-1234] [2024-03-18 19:09:05,251]  INFO {AUDIT_LOG} - Initiator=wso2.system.user Action=Get-User-Claim-Values Target=admin Data={"Claims":{},"Profile":"default"} Outcome=Success
TID: [-1234] [2024-03-18 19:09:05,251]  INFO {AUDIT_LOG} - Initiator=wso2.system.user Action=Get-User-Claim-Values Target=admin Data={"Claims":{},"Profile":"default"} Outcome=Success
TID: [-1234] [2024-03-18 19:09:05,395]  INFO {AUDIT_LOG} - Initiator=wso2.system.user Action=Get-User-Claim-Values Target=admin Data={"Claims":{},"Profile":"default"} Outcome=Success
TID: [-1234] [2024-03-18 19:09:05,396]  INFO {AUDIT_LOG} - Initiator=wso2.system.user Action=Get-User-Claim-Values Target=admin Data={"Claims":{},"Profile":"default"} Outcome=Success
TID: [-1234] [2024-03-18 19:09:05,397]  INFO {AUDIT_LOG} - Initiator=wso2.system.user Action=Get-User-Claim-Values Target=admin Data={"Claims":{},"Profile":"default"} Outcome=Success
TID: [-1234] [2024-03-18 19:09:05,398]  INFO {AUDIT_LOG} - Initiator=wso2.system.user Action=Get-User-Claim-Values Target=admin Data={"Claims":{},"Profile":"default"} Outcome=Success
TID: [-1234] [2024-03-18 19:09:05,403]  INFO {AUDIT_LOG} - Initiator=wso2.system.user Action=Get-User-Claim-Values Target=admin Data={"Claims":{},"Profile":"default"} Outcome=Success
TID: [-1234] [2024-03-18 19:09:05,404]  INFO {AUDIT_LOG} - Initiator=wso2.system.user Action=Get-User-Claim-Values Target=admin Data={"Claims":{},"Profile":"default"} Outcome=Success
TID: [-1234] [2024-03-18 19:09:05,404]  INFO {AUDIT_LOG} - Initiator=wso2.system.user Action=Get-User-Claim-Values Target=admin Data={"Claims":{},"Profile":"default"} Outcome=Success
TID: [-1234] [2024-03-18 19:09:05,407]  INFO {AUDIT_LOG} - Initiator=wso2.system.user Action=Get-User-Claim-Values Target=admin Data={"Claims":{},"Profile":"default"} Outcome=Success
TID: [-1234] [2024-03-18 19:09:05,412]  INFO {AUDIT_LOG} - Initiator=wso2.system.user Action=Get-User-Claim-Values Target=admin Data={"Claims":{},"Profile":"default"} Outcome=Success
TID: [-1234] [2024-03-18 19:09:05,414]  INFO {AUDIT_LOG} - Initiator=wso2.system.user Action=Get-User-Claim-Values Target=admin Data={"Claims":{},"Profile":"default"} Outcome=Success
TID: [-1234] [2024-03-18 19:09:05,417]  INFO {AUDIT_LOG} - Initiator=wso2.system.user Action=Get-User-Claim-Values Target=admin Data={"Claims":{},"Profile":"default"} Outcome=Success
TID: [-1234] [2024-03-18 19:09:05,422]  INFO {AUDIT_LOG} - Initiator=wso2.system.user Action=Get-User-Claim-Values Target=admin Data={"Claims":{},"Profile":"default"} Outcome=Success
TID: [-1234] [2024-03-18 19:09:05,422]  INFO {AUDIT_LOG} - Initiator=wso2.system.user Action=Get-User-Claim-Values Target=admin Data={"Claims":{},"Profile":"default"} Outcome=Success
TID: [-1234] [2024-03-18 19:09:05,424]  INFO {AUDIT_LOG} - Initiator=wso2.system.user Action=Get-User-Claim-Values Target=admin Data={"Claims":{},"Profile":"default"} Outcome=Success
TID: [-1234] [2024-03-18 19:09:05,430]  INFO {AUDIT_LOG} - Initiator=wso2.system.user Action=Get-User-Claim-Values Target=admin Data={"Claims":{},"Profile":"default"} Outcome=Success
TID: [-1234] [2024-03-18 19:09:05,443]  INFO {AUDIT_LOG} - Initiator=wso2.system.user Action=Get-User-Claim-Values Target=admin Data={"Claims":{},"Profile":"default"} Outcome=Success
TID: [-1234] [2024-03-18 19:09:05,541]  INFO {AUDIT_LOG} - Initiator=wso2.system.user Action=Get-User-Claim-Values Target=admin Data={"Claims":{},"Profile":"default"} Outcome=Success
TID: [-1234] [2024-03-18 19:09:05,545]  INFO {AUDIT_LOG} - Initiator=wso2.system.user Action=Get-User-Claim-Values Target=admin Data={"Claims":{},"Profile":"default"} Outcome=Success
TID: [-1234] [2024-03-18 19:09:05,550]  INFO {AUDIT_LOG} - Initiator=wso2.system.user Action=Get-User-Claim-Values Target=admin Data={"Claims":{},"Profile":"default"} Outcome=Success
TID: [-1234] [2024-03-18 19:09:05,554]  INFO {AUDIT_LOG} - Initiator=wso2.system.user Action=Get-User-Claim-Values Target=admin Data={"Claims":{},"Profile":"default"} Outcome=Success
TID: [-1234] [2024-03-18 19:09:05,554]  INFO {AUDIT_LOG} - Initiator=wso2.system.user Action=Get-User-Claim-Values Target=admin Data={"Claims":{},"Profile":"default"} Outcome=Success
TID: [-1234] [2024-03-18 19:09:05,576]  INFO {AUDIT_LOG} - Initiator=wso2.system.user Action=Get-User-Claim-Values Target=admin Data={"Claims":{},"Profile":"default"} Outcome=Success
TID: [-1234] [2024-03-18 19:09:05,577]  INFO {AUDIT_LOG} - Initiator=wso2.system.user Action=Get-User-Claim-Values Target=admin Data={"Claims":{},"Profile":"default"} Outcome=Success
TID: [-1234] [2024-03-18 19:09:05,585]  INFO {AUDIT_LOG} - Initiator=wso2.system.user Action=Get-User-Claim-Values Target=admin Data={"Claims":{},"Profile":"default"} Outcome=Success
TID: [-1234] [2024-03-18 19:09:05,787]  INFO {AUDIT_LOG} - Initiator=wso2.system.user Action=Get-Roles-of-User Target=admin Data={"Filter":"*","Roles":["Application/admin_42b717c3-b778-4abf-be53-da25c0376b4c_SANDBOX","Internal/everyone","admin","Application/apim_publisher","Internal/integration_dev","Internal/subscriber","Internal/creator","Application/apim_devportal","Application/admin_42b717c3-b778-4abf-be53-da25c0376b4c_PRODUCTION","Internal/publisher","Internal/devops","Internal/analytics","Internal/observer"]} Outcome=Success
TID: [-1234] [2024-03-18 19:09:07,453]  INFO {AUDIT_LOG} - Initiator=wso2.system.user Action=Get-User-Claim-Values Target=admin Data={"Claims":{},"Profile":"default"} Outcome=Success
TID: [-1234] [2024-03-18 19:09:07,516]  INFO {AUDIT_LOG} - Initiator=wso2.system.user Action=Get-User-Claim-Values Target=admin Data={"Claims":{},"Profile":"default"} Outcome=Success
TID: [-1234] [2024-03-18 19:09:07,998]  INFO {AUDIT_LOG} - Initiator=wso2.system.user Action=Get-User-Claim-Values Target=admin Data={"Claims":{},"Profile":"default"} Outcome=Success
TID: [-1234] [2024-03-18 19:09:09,511]  INFO {AUDIT_LOG} - Initiator=wso2.system.user Action=Get-User-Claim-Values Target=admin Data={"Claims":{},"Profile":"default"} Outcome=Success
TID: [-1234] [2024-03-18 19:09:09,818]  INFO {AUDIT_LOG} - Initiator=wso2.system.user Action=Get-User-Claim-Values Target=admin Data={"Claims":{},"Profile":"default"} Outcome=Success
TID: [-1234] [2024-03-18 19:09:10,236]  INFO {AUDIT_LOG} - Initiator=wso2.system.user Action=Get-User-Claim-Values Target=admin Data={"Claims":{},"Profile":"default"} Outcome=Success
TID: [-1234] [2024-03-18 19:12:39,126]  INFO {AUDIT_LOG} - Initiator=wso2.system.user Action=Get-User-Claim-Values Target=admin Data={"ServiceProviderName":"apim_publisher","Claims":{},"Profile":"default"} Outcome=Success
TID: [-1234] [2024-03-18 19:12:39,147]  INFO {AUDIT_LOG} - Initiator : admin | Action : LoginStepSuccess | Target : ApplicationAuthenticationFramework | Data : { "ContextIdentifier" : "e812c3e8-c24d-4fed-80f5-1061f93fdb55","AuthenticatedUser" : "admin","AuthenticatedUserTenantDomain" : "carbon.super","ServiceProviderName" : "apim_publisher","RequestType" : "oidc","RelyingParty" : "qK6XfUyETe94iPOQe8BCVjkatyIa","AuthenticatedIdP" : "LOCAL","User Agent" : "null","RemoteAddress" : "null","UserStoreDomain" : "PRIMARY" } | Result : Success 
TID: [-1234] [2024-03-18 19:12:39,189]  INFO {AUDIT_LOG} - Initiator=wso2.system.user Action=Get-User-Claim-Values Target=admin Data={"ServiceProviderName":"apim_publisher","Claims":{"http://wso2.org/claims/username":"admin","http://wso2.org/claims/userid":"1a07ba06-bc09-447c-b64f-da7fbad618cd","http://wso2.org/claims/role":"Application/admin_42b717c3-b778-4abf-be53-da25c0376b4c_SANDBOX,Internal/everyone,admin,Application/apim_publisher,Internal/integration_dev,Internal/subscriber,Internal/creator,Application/apim_devportal,Application/admin_42b717c3-b778-4abf-be53-da25c0376b4c_PRODUCTION,Internal/publisher,Internal/devops,Internal/analytics,Internal/observer","http://wso2.org/claims/userprincipal":"admin"}} Outcome=Success
TID: [-1234] [2024-03-18 19:12:39,443]  INFO {AUDIT_LOG} - Initiator : admin | Action : Login | Target : ApplicationAuthenticationFramework | Data : { "ContextIdentifier" : "e812c3e8-c24d-4fed-80f5-1061f93fdb55","AuthenticatedUser" : "admin","AuthenticatedUserTenantDomain" : "carbon.super","ServiceProviderName" : "apim_publisher","RequestType" : "oidc","RelyingParty" : "qK6XfUyETe94iPOQe8BCVjkatyIa","AuthenticatedIdPs" : "eyJ0eXAiOiJKV1QiLCAiYWxnIjoiSFMyNTYifQ==.eyJpc3MiOiJ3c28yIiwiZXhwIjoxNzEwNzk5OTU5MTYxMzAwMCwiaWF0IjoxNzEwNzk5OTU5MTYxLCJpZHBzIjpbeyJpZHAiOiJMT0NBTCIsImF1dGhlbnRpY2F0b3IiOiJCYXNpY0F1dGhlbnRpY2F0b3IifV19.YI+iFL9w7+LIUVsv0BJ48m22OQo=","User Agent" : "null","RemoteAddress" : "null","UserStoreDomain" : "PRIMARY" } | Result : Success 
TID: [-1234] [2024-03-18 19:12:40,880]  INFO {AUDIT_LOG} - Initiator=wso2.system.user Action=Get-User-Claim-Values Target=admin Data={"Claims":{},"Profile":"default"} Outcome=Success
