TID: [-1234] [2024-03-08 08:50:41,487]  INFO {AUDIT_LOG} - Initiator=wso2.system.user Action=Get-User-Claim-Values Target=admin Data={"Claims":{},"Profile":"default"} Outcome=Success
TID: [-1234] [2024-03-08 08:50:41,487]  INFO {AUDIT_LOG} - Initiator=wso2.system.user Action=Get-User-Claim-Values Target=admin Data={"Claims":{},"Profile":"default"} Outcome=Success
TID: [-1234] [2024-03-08 08:50:41,487]  INFO {AUDIT_LOG} - Initiator=wso2.system.user Action=Get-User-Claim-Values Target=admin Data={"Claims":{},"Profile":"default"} Outcome=Success
TID: [-1234] [2024-03-08 08:50:41,489]  INFO {AUDIT_LOG} - Initiator=wso2.system.user Action=Get-User-Claim-Values Target=admin Data={"Claims":{},"Profile":"default"} Outcome=Success
TID: [-1234] [2024-03-08 08:50:41,487]  INFO {AUDIT_LOG} - Initiator=wso2.system.user Action=Get-User-Claim-Values Target=admin Data={"Claims":{},"Profile":"default"} Outcome=Success
TID: [-1234] [2024-03-08 08:50:41,487]  INFO {AUDIT_LOG} - Initiator=wso2.system.user Action=Get-User-Claim-Values Target=admin Data={"Claims":{},"Profile":"default"} Outcome=Success
TID: [-1234] [2024-03-08 08:50:41,488]  INFO {AUDIT_LOG} - Initiator=wso2.system.user Action=Get-User-Claim-Values Target=admin Data={"Claims":{},"Profile":"default"} Outcome=Success
TID: [-1234] [2024-03-08 08:50:41,488]  INFO {AUDIT_LOG} - Initiator=wso2.system.user Action=Get-User-Claim-Values Target=admin Data={"Claims":{},"Profile":"default"} Outcome=Success
TID: [-1234] [2024-03-08 08:50:41,751]  INFO {AUDIT_LOG} - Initiator=wso2.system.user Action=Get-User-Claim-Values Target=admin Data={"Claims":{},"Profile":"default"} Outcome=Success
TID: [-1234] [2024-03-08 08:50:41,766]  INFO {AUDIT_LOG} - Initiator=wso2.system.user Action=Get-User-Claim-Values Target=admin Data={"Claims":{},"Profile":"default"} Outcome=Success
TID: [-1234] [2024-03-08 08:50:41,778]  INFO {AUDIT_LOG} - Initiator=wso2.system.user Action=Get-User-Claim-Values Target=admin Data={"Claims":{},"Profile":"default"} Outcome=Success
TID: [-1234] [2024-03-08 08:50:41,778]  INFO {AUDIT_LOG} - Initiator=wso2.system.user Action=Get-User-Claim-Values Target=admin Data={"Claims":{},"Profile":"default"} Outcome=Success
TID: [-1234] [2024-03-08 08:50:41,779]  INFO {AUDIT_LOG} - Initiator=wso2.system.user Action=Get-User-Claim-Values Target=admin Data={"Claims":{},"Profile":"default"} Outcome=Success
TID: [-1234] [2024-03-08 08:50:41,787]  INFO {AUDIT_LOG} - Initiator=wso2.system.user Action=Get-User-Claim-Values Target=admin Data={"Claims":{},"Profile":"default"} Outcome=Success
TID: [-1234] [2024-03-08 08:50:41,789]  INFO {AUDIT_LOG} - Initiator=wso2.system.user Action=Get-User-Claim-Values Target=admin Data={"Claims":{},"Profile":"default"} Outcome=Success
TID: [-1234] [2024-03-08 08:50:41,792]  INFO {AUDIT_LOG} - Initiator=wso2.system.user Action=Get-User-Claim-Values Target=admin Data={"Claims":{},"Profile":"default"} Outcome=Success
TID: [-1234] [2024-03-08 08:50:41,793]  INFO {AUDIT_LOG} - Initiator=wso2.system.user Action=Get-User-Claim-Values Target=admin Data={"Claims":{},"Profile":"default"} Outcome=Success
TID: [-1234] [2024-03-08 08:50:41,793]  INFO {AUDIT_LOG} - Initiator=wso2.system.user Action=Get-User-Claim-Values Target=admin Data={"Claims":{},"Profile":"default"} Outcome=Success
TID: [-1234] [2024-03-08 08:50:41,793]  INFO {AUDIT_LOG} - Initiator=wso2.system.user Action=Get-User-Claim-Values Target=admin Data={"Claims":{},"Profile":"default"} Outcome=Success
TID: [-1234] [2024-03-08 08:50:41,794]  INFO {AUDIT_LOG} - Initiator=wso2.system.user Action=Get-User-Claim-Values Target=admin Data={"Claims":{},"Profile":"default"} Outcome=Success
TID: [-1234] [2024-03-08 08:50:41,799]  INFO {AUDIT_LOG} - Initiator=wso2.system.user Action=Get-User-Claim-Values Target=admin Data={"Claims":{},"Profile":"default"} Outcome=Success
TID: [-1234] [2024-03-08 08:50:41,805]  INFO {AUDIT_LOG} - Initiator=wso2.system.user Action=Get-User-Claim-Values Target=admin Data={"Claims":{},"Profile":"default"} Outcome=Success
TID: [-1234] [2024-03-08 08:50:41,808]  INFO {AUDIT_LOG} - Initiator=wso2.system.user Action=Get-User-Claim-Values Target=admin Data={"Claims":{},"Profile":"default"} Outcome=Success
TID: [-1234] [2024-03-08 08:50:41,809]  INFO {AUDIT_LOG} - Initiator=wso2.system.user Action=Get-User-Claim-Values Target=admin Data={"Claims":{},"Profile":"default"} Outcome=Success
TID: [-1234] [2024-03-08 08:50:41,811]  INFO {AUDIT_LOG} - Initiator=wso2.system.user Action=Get-User-Claim-Values Target=admin Data={"Claims":{},"Profile":"default"} Outcome=Success
TID: [-1234] [2024-03-08 08:50:41,812]  INFO {AUDIT_LOG} - Initiator=wso2.system.user Action=Get-User-Claim-Values Target=admin Data={"Claims":{},"Profile":"default"} Outcome=Success
TID: [-1234] [2024-03-08 08:50:41,814]  INFO {AUDIT_LOG} - Initiator=wso2.system.user Action=Get-User-Claim-Values Target=admin Data={"Claims":{},"Profile":"default"} Outcome=Success
TID: [-1234] [2024-03-08 08:50:41,822]  INFO {AUDIT_LOG} - Initiator=wso2.system.user Action=Get-User-Claim-Values Target=admin Data={"Claims":{},"Profile":"default"} Outcome=Success
TID: [-1234] [2024-03-08 08:50:41,822]  INFO {AUDIT_LOG} - Initiator=wso2.system.user Action=Get-User-Claim-Values Target=admin Data={"Claims":{},"Profile":"default"} Outcome=Success
TID: [-1234] [2024-03-08 08:50:41,823]  INFO {AUDIT_LOG} - Initiator=wso2.system.user Action=Get-User-Claim-Values Target=admin Data={"Claims":{},"Profile":"default"} Outcome=Success
TID: [-1234] [2024-03-08 08:50:41,824]  INFO {AUDIT_LOG} - Initiator=wso2.system.user Action=Get-User-Claim-Values Target=admin Data={"Claims":{},"Profile":"default"} Outcome=Success
TID: [-1234] [2024-03-08 08:50:41,835]  INFO {AUDIT_LOG} - Initiator=wso2.system.user Action=Get-User-Claim-Values Target=admin Data={"Claims":{},"Profile":"default"} Outcome=Success
TID: [-1234] [2024-03-08 08:50:41,983]  INFO {AUDIT_LOG} - Initiator=wso2.system.user Action=Get-Roles-of-User Target=admin Data={"Filter":"*","Roles":["Application/admin_42b717c3-b778-4abf-be53-da25c0376b4c_SANDBOX","Internal/everyone","admin","Application/apim_publisher","Internal/integration_dev","Internal/subscriber","Internal/creator","Application/apim_devportal","Application/admin_42b717c3-b778-4abf-be53-da25c0376b4c_PRODUCTION","Internal/publisher","Internal/devops","Internal/analytics","Internal/observer"]} Outcome=Success
TID: [-1234] [2024-03-08 08:50:43,524]  INFO {AUDIT_LOG} - Initiator=wso2.system.user Action=Get-User-Claim-Values Target=admin Data={"Claims":{},"Profile":"default"} Outcome=Success
TID: [-1234] [2024-03-08 08:50:43,530]  INFO {AUDIT_LOG} - Initiator=wso2.system.user Action=Get-User-Claim-Values Target=admin Data={"Claims":{},"Profile":"default"} Outcome=Success
TID: [-1234] [2024-03-08 08:50:43,930]  INFO {AUDIT_LOG} - Initiator=wso2.system.user Action=Get-User-Claim-Values Target=admin Data={"Claims":{},"Profile":"default"} Outcome=Success
TID: [-1234] [2024-03-08 08:50:44,885]  INFO {AUDIT_LOG} - Initiator=wso2.system.user Action=Get-User-Claim-Values Target=admin Data={"Claims":{},"Profile":"default"} Outcome=Success
TID: [-1234] [2024-03-08 08:50:45,194]  INFO {AUDIT_LOG} - Initiator=wso2.system.user Action=Get-User-Claim-Values Target=admin Data={"Claims":{},"Profile":"default"} Outcome=Success
TID: [-1234] [2024-03-08 08:50:45,449]  INFO {AUDIT_LOG} - Initiator=wso2.system.user Action=Get-User-Claim-Values Target=admin Data={"Claims":{},"Profile":"default"} Outcome=Success
TID: [-1234] [2024-03-08 10:52:15,197]  INFO {AUDIT_LOG} - Initiator=wso2.system.user Action=Get-User-Claim-Values Target=admin Data={"Claims":{},"Profile":"default"} Outcome=Success
TID: [-1234] [2024-03-08 10:52:15,235]  INFO {AUDIT_LOG} - 'admin@carbon.super [-1234]' logged in at [2024-03-08 10:52:15,234-0300]
TID: [-1234] [2024-03-08 15:18:21,924]  INFO {AUDIT_LOG} - Initiator=wso2.system.user Action=Get-User-Claim-Values Target=admin Data={"Claims":{},"Profile":"default"} Outcome=Success
TID: [-1234] [2024-03-08 15:18:21,927]  INFO {AUDIT_LOG} - 'admin@carbon.super [-1234]' logged in at [2024-03-08 15:18:21,927-0300]
TID: [-1234] [2024-03-08 15:49:13,865] ERROR {AUDIT_LOG} - Illegal access attempt at [2024-03-08 15:49:13,0865] from IP address null while trying to authenticate access to service IdentityProviderMgtService
TID: [-1234] [2024-03-08 15:52:47,902]  INFO {AUDIT_LOG} - Initiator=wso2.system.user Action=Get-User-Claim-Values Target=admin Data={"ServiceProviderName":"apim_devportal","Claims":{},"Profile":"default"} Outcome=Success
TID: [-1234] [2024-03-08 15:52:47,904]  INFO {AUDIT_LOG} - 'admin@carbon.super [-1234]' logged in at [2024-03-08 15:52:47,904-0300]
TID: [-1234] [2024-03-08 15:52:51,004]  INFO {AUDIT_LOG} - Initiator=admin@carbon.super Action=Get-Roles-of-User Target=admin Data={"Filter":"*","Roles":["Application/admin_42b717c3-b778-4abf-be53-da25c0376b4c_SANDBOX","Internal/everyone","admin","Application/apim_publisher","Internal/integration_dev","Internal/subscriber","Internal/creator","Application/apim_devportal","Application/admin_42b717c3-b778-4abf-be53-da25c0376b4c_PRODUCTION","Internal/publisher","Internal/devops","Internal/analytics","Internal/observer"]} Outcome=Success
TID: [-1234] [2024-03-08 16:03:47,949]  INFO {AUDIT_LOG} - Initiator : admin@carbon.super | Action : add | Target : AZUREAD IDP@carbon.super | Data : { AzureADIDP } | Result : Success 
TID: [-1234] [2024-03-08 16:05:20,884]  INFO {AUDIT_LOG} - Initiator : admin@carbon.super | Action : update | Target : AzureADIDP | Data : { AZUREAD IDP@carbon.super } | Result : Success 
TID: [-1234] [2024-03-08 16:07:16,576]  INFO {AUDIT_LOG} - Initiator : admin@carbon.super | Action : update | Target : AzureADIDP | Data : { AZUREAD IDP@carbon.super } | Result : Success 
TID: [-1234] [2024-03-08 16:15:04,506]  INFO {AUDIT_LOG} - Initiator : admin@carbon.super | Action : update | Target : AzureADIDP | Data : { AZUREAD IDP@carbon.super } | Result : Success 
TID: [-1234] [2024-03-08 16:15:10,730]  INFO {AUDIT_LOG} - Initiator : admin@carbon.super | Action : update | Target : AzureADIDP | Data : { AZUREAD IDP@carbon.super } | Result : Success 
TID: [-1234] [2024-03-08 16:15:48,336]  INFO {AUDIT_LOG} - Initiator : admin@carbon.super | Action : update | Target : AzureADIDP | Data : { AZUREAD IDP@carbon.super } | Result : Success 
TID: [-1234] [2024-03-08 16:15:59,438]  INFO {AUDIT_LOG} - Initiator : admin@carbon.super | Action : update | Target : AzureADIDP | Data : { AZUREAD IDP@carbon.super } | Result : Success 
TID: [-1234] [2024-03-08 16:16:03,074]  INFO {AUDIT_LOG} - Initiator=admin@carbon.super Action=Get-Roles-of-User Target=admin Data={"Filter":"*","Roles":["Application/admin_42b717c3-b778-4abf-be53-da25c0376b4c_SANDBOX","Internal/everyone","admin","Application/apim_publisher","Internal/integration_dev","Internal/subscriber","Internal/creator","Application/apim_devportal","Application/admin_42b717c3-b778-4abf-be53-da25c0376b4c_PRODUCTION","Internal/publisher","Internal/devops","Internal/analytics","Internal/observer"]} Outcome=Success
TID: [-1234] [2024-03-08 16:17:02,773]  INFO {AUDIT_LOG} - Initiator : admin@carbon.super | Action : update | Target : 1 | Data : { apim_devportal } | Result : Success 
TID: [-1234] [2024-03-08 16:17:50,727]  INFO {AUDIT_LOG} - Initiator : admin@carbon.super | Action : update | Target : 1 | Data : { apim_devportal } | Result : Success 
TID: [-1234] [2024-03-08 16:32:29,589]  INFO {AUDIT_LOG} - Initiator : admin@carbon.super | Action : update | Target : AzureADIDP | Data : { AZUREAD IDP@carbon.super } | Result : Success 
TID: [-1234] [2024-03-08 16:32:46,539]  INFO {AUDIT_LOG} - Initiator : null | Action : Login | Target : ApplicationAuthenticationFramework | Data : { "ContextIdentifier" : "8cf05afe-b952-4478-89ad-bb7f3db465e7","ServiceProviderName" : "apim_devportal","RequestType" : "oidc","RelyingParty" : "mxaIc6FagjUgjY1D5plU9ouHpbwa","StepNo" : "1","User Agent" : "null","RemoteAddress" : "null","UserStoreDomain" : "null" } | Result : Failed 
TID: [-1234] [2024-03-08 16:32:53,705]  INFO {AUDIT_LOG} - Initiator : null | Action : Login | Target : ApplicationAuthenticationFramework | Data : { "ContextIdentifier" : "3138c6c2-e112-48b1-80d3-b0531a2d4389","ServiceProviderName" : "apim_devportal","RequestType" : "oidc","RelyingParty" : "mxaIc6FagjUgjY1D5plU9ouHpbwa","StepNo" : "1","User Agent" : "null","RemoteAddress" : "null","UserStoreDomain" : "null" } | Result : Failed 
TID: [-1234] [2024-03-08 16:33:00,050]  INFO {AUDIT_LOG} - Initiator : null | Action : Login | Target : ApplicationAuthenticationFramework | Data : { "ContextIdentifier" : "33d3c6b7-c6a8-4828-9ef5-0fb211ae7154","ServiceProviderName" : "apim_devportal","RequestType" : "oidc","RelyingParty" : "mxaIc6FagjUgjY1D5plU9ouHpbwa","StepNo" : "1","User Agent" : "null","RemoteAddress" : "null","UserStoreDomain" : "null" } | Result : Failed 
TID: [-1234] [2024-03-08 16:33:09,703]  INFO {AUDIT_LOG} - Initiator : null | Action : Login | Target : ApplicationAuthenticationFramework | Data : { "ContextIdentifier" : "3697781f-3415-4586-ae59-e8d21d0ff130","ServiceProviderName" : "apim_devportal","RequestType" : "oidc","RelyingParty" : "mxaIc6FagjUgjY1D5plU9ouHpbwa","StepNo" : "1","User Agent" : "null","RemoteAddress" : "null","UserStoreDomain" : "null" } | Result : Failed 
TID: [-1234] [2024-03-08 16:33:15,095]  INFO {AUDIT_LOG} - Initiator=admin@carbon.super Action=Get-Roles-of-User Target=admin Data={"Filter":"*","Roles":["Application/admin_42b717c3-b778-4abf-be53-da25c0376b4c_SANDBOX","Internal/everyone","admin","Application/apim_publisher","Internal/integration_dev","Internal/subscriber","Internal/creator","Application/apim_devportal","Application/admin_42b717c3-b778-4abf-be53-da25c0376b4c_PRODUCTION","Internal/publisher","Internal/devops","Internal/analytics","Internal/observer"]} Outcome=Success
TID: [-1234] [2024-03-08 16:33:35,096]  INFO {AUDIT_LOG} - Initiator : admin@carbon.super | Action : update | Target : 1 | Data : { apim_devportal } | Result : Success 
TID: [-1234] [2024-03-08 16:33:51,407]  INFO {AUDIT_LOG} - Initiator : null | Action : Login | Target : ApplicationAuthenticationFramework | Data : { "ContextIdentifier" : "1f76485c-4bc7-46a9-9ea8-a05202c906d2","ServiceProviderName" : "apim_devportal","RequestType" : "oidc","RelyingParty" : "mxaIc6FagjUgjY1D5plU9ouHpbwa","StepNo" : "1","User Agent" : "null","RemoteAddress" : "null","UserStoreDomain" : "null" } | Result : Failed 
TID: [-1234] [2024-03-08 16:38:04,333]  INFO {AUDIT_LOG} - Initiator : admin@carbon.super | Action : update | Target : AzureADIDP | Data : { AZUREAD IDP@carbon.super } | Result : Success 
TID: [-1234] [2024-03-08 16:38:08,720]  INFO {AUDIT_LOG} - Initiator : null | Action : Login | Target : ApplicationAuthenticationFramework | Data : { "ContextIdentifier" : "3652da94-c7e6-4226-9b1c-e9ddc245e8bb","ServiceProviderName" : "apim_devportal","RequestType" : "oidc","RelyingParty" : "mxaIc6FagjUgjY1D5plU9ouHpbwa","StepNo" : "1","User Agent" : "null","RemoteAddress" : "null","UserStoreDomain" : "null" } | Result : Failed 
TID: [-1234] [2024-03-08 16:38:31,227]  INFO {AUDIT_LOG} - Initiator : null | Action : Login | Target : ApplicationAuthenticationFramework | Data : { "ContextIdentifier" : "695601d8-77d0-4a09-955b-45e40d6755b4","ServiceProviderName" : "apim_devportal","RequestType" : "oidc","RelyingParty" : "mxaIc6FagjUgjY1D5plU9ouHpbwa","StepNo" : "1","User Agent" : "null","RemoteAddress" : "null","UserStoreDomain" : "null" } | Result : Failed 
TID: [-1234] [2024-03-08 16:41:53,989]  INFO {AUDIT_LOG} - Initiator : admin@carbon.super | Action : update | Target : AzureADIDP | Data : { AZUREAD IDP@carbon.super } | Result : Success 
TID: [-1234] [2024-03-08 16:42:43,218]  INFO {AUDIT_LOG} - Initiator : admin@carbon.super | Action : update | Target : 1 | Data : { apim_devportal } | Result : Success 
TID: [-1234] [2024-03-08 16:43:00,869]  INFO {AUDIT_LOG} - Initiator : null | Action : Login | Target : ApplicationAuthenticationFramework | Data : { "ContextIdentifier" : "e2e70337-a1c3-4b85-ba37-3998ee97b078","ServiceProviderName" : "apim_devportal","RequestType" : "oidc","RelyingParty" : "mxaIc6FagjUgjY1D5plU9ouHpbwa","StepNo" : "1","User Agent" : "null","RemoteAddress" : "null","UserStoreDomain" : "null" } | Result : Failed 
TID: [-1234] [2024-03-08 16:46:16,304]  INFO {AUDIT_LOG} - Initiator : null | Action : Login | Target : ApplicationAuthenticationFramework | Data : { "ContextIdentifier" : "6cd3201d-1d78-4f43-bcec-d2d2104a9e2e","ServiceProviderName" : "apim_devportal","RequestType" : "oidc","RelyingParty" : "mxaIc6FagjUgjY1D5plU9ouHpbwa","StepNo" : "1","User Agent" : "null","RemoteAddress" : "null","UserStoreDomain" : "null" } | Result : Failed 
TID: [-1234] [2024-03-08 16:47:00,274]  INFO {AUDIT_LOG} - Initiator : null | Action : Login | Target : ApplicationAuthenticationFramework | Data : { "ContextIdentifier" : "e267f442-5139-4851-b800-a63fdc881e62","ServiceProviderName" : "apim_devportal","RequestType" : "oidc","RelyingParty" : "mxaIc6FagjUgjY1D5plU9ouHpbwa","StepNo" : "1","User Agent" : "null","RemoteAddress" : "null","UserStoreDomain" : "null" } | Result : Failed 
TID: [-1234] [2024-03-08 17:14:36,375]  INFO {AUDIT_LOG} - Initiator=wso2.system.user Action=Get-Roles-of-User Target=admin Data={"Filter":"*","Roles":["Application/admin_42b717c3-b778-4abf-be53-da25c0376b4c_SANDBOX","Internal/everyone","admin","Application/apim_publisher","Internal/integration_dev","Internal/subscriber","Internal/creator","Application/apim_devportal","Application/admin_42b717c3-b778-4abf-be53-da25c0376b4c_PRODUCTION","Internal/publisher","Internal/devops","Internal/analytics","Internal/observer"]} Outcome=Success
TID: [-1234] [2024-03-08 18:23:04,180]  INFO {AUDIT_LOG} - Initiator=wso2.system.user Action=Get-User-Claim-Values Target=admin Data={"Claims":{},"Profile":"default"} Outcome=Success
TID: [-1234] [2024-03-08 18:23:04,180]  INFO {AUDIT_LOG} - Initiator=wso2.system.user Action=Get-User-Claim-Values Target=admin Data={"Claims":{},"Profile":"default"} Outcome=Success
TID: [-1234] [2024-03-08 18:23:04,181]  INFO {AUDIT_LOG} - Initiator=wso2.system.user Action=Get-User-Claim-Values Target=admin Data={"Claims":{},"Profile":"default"} Outcome=Success
TID: [-1234] [2024-03-08 18:23:04,181]  INFO {AUDIT_LOG} - Initiator=wso2.system.user Action=Get-User-Claim-Values Target=admin Data={"Claims":{},"Profile":"default"} Outcome=Success
TID: [-1234] [2024-03-08 18:23:04,181]  INFO {AUDIT_LOG} - Initiator=wso2.system.user Action=Get-User-Claim-Values Target=admin Data={"Claims":{},"Profile":"default"} Outcome=Success
TID: [-1234] [2024-03-08 18:23:04,181]  INFO {AUDIT_LOG} - Initiator=wso2.system.user Action=Get-User-Claim-Values Target=admin Data={"Claims":{},"Profile":"default"} Outcome=Success
TID: [-1234] [2024-03-08 18:23:04,182]  INFO {AUDIT_LOG} - Initiator=wso2.system.user Action=Get-User-Claim-Values Target=admin Data={"Claims":{},"Profile":"default"} Outcome=Success
TID: [-1234] [2024-03-08 18:23:04,182]  INFO {AUDIT_LOG} - Initiator=wso2.system.user Action=Get-User-Claim-Values Target=admin Data={"Claims":{},"Profile":"default"} Outcome=Success
TID: [-1234] [2024-03-08 18:23:04,182]  INFO {AUDIT_LOG} - Initiator=wso2.system.user Action=Get-User-Claim-Values Target=admin Data={"Claims":{},"Profile":"default"} Outcome=Success
TID: [-1234] [2024-03-08 18:23:04,182]  INFO {AUDIT_LOG} - Initiator=wso2.system.user Action=Get-User-Claim-Values Target=admin Data={"Claims":{},"Profile":"default"} Outcome=Success
TID: [-1234] [2024-03-08 18:23:04,182]  INFO {AUDIT_LOG} - Initiator=wso2.system.user Action=Get-User-Claim-Values Target=admin Data={"Claims":{},"Profile":"default"} Outcome=Success
TID: [-1234] [2024-03-08 18:23:04,183]  INFO {AUDIT_LOG} - Initiator=wso2.system.user Action=Get-User-Claim-Values Target=admin Data={"Claims":{},"Profile":"default"} Outcome=Success
TID: [-1234] [2024-03-08 18:23:04,183]  INFO {AUDIT_LOG} - Initiator=wso2.system.user Action=Get-User-Claim-Values Target=admin Data={"Claims":{},"Profile":"default"} Outcome=Success
TID: [-1234] [2024-03-08 18:23:04,183]  INFO {AUDIT_LOG} - Initiator=wso2.system.user Action=Get-User-Claim-Values Target=admin Data={"Claims":{},"Profile":"default"} Outcome=Success
TID: [-1234] [2024-03-08 18:23:04,183]  INFO {AUDIT_LOG} - Initiator=wso2.system.user Action=Get-User-Claim-Values Target=admin Data={"Claims":{},"Profile":"default"} Outcome=Success
TID: [-1234] [2024-03-08 18:23:04,183]  INFO {AUDIT_LOG} - Initiator=wso2.system.user Action=Get-User-Claim-Values Target=admin Data={"Claims":{},"Profile":"default"} Outcome=Success
TID: [-1234] [2024-03-08 18:23:04,183]  INFO {AUDIT_LOG} - Initiator=wso2.system.user Action=Get-User-Claim-Values Target=admin Data={"Claims":{},"Profile":"default"} Outcome=Success
TID: [-1234] [2024-03-08 18:23:04,183]  INFO {AUDIT_LOG} - Initiator=wso2.system.user Action=Get-User-Claim-Values Target=admin Data={"Claims":{},"Profile":"default"} Outcome=Success
TID: [-1234] [2024-03-08 18:23:04,183]  INFO {AUDIT_LOG} - Initiator=wso2.system.user Action=Get-User-Claim-Values Target=admin Data={"Claims":{},"Profile":"default"} Outcome=Success
TID: [-1234] [2024-03-08 18:23:04,184]  INFO {AUDIT_LOG} - Initiator=wso2.system.user Action=Get-User-Claim-Values Target=admin Data={"Claims":{},"Profile":"default"} Outcome=Success
TID: [-1234] [2024-03-08 18:23:04,184]  INFO {AUDIT_LOG} - Initiator=wso2.system.user Action=Get-User-Claim-Values Target=admin Data={"Claims":{},"Profile":"default"} Outcome=Success
TID: [-1234] [2024-03-08 18:23:04,184]  INFO {AUDIT_LOG} - Initiator=wso2.system.user Action=Get-User-Claim-Values Target=admin Data={"Claims":{},"Profile":"default"} Outcome=Success
TID: [-1234] [2024-03-08 18:23:04,184]  INFO {AUDIT_LOG} - Initiator=wso2.system.user Action=Get-User-Claim-Values Target=admin Data={"Claims":{},"Profile":"default"} Outcome=Success
TID: [-1234] [2024-03-08 18:23:04,184]  INFO {AUDIT_LOG} - Initiator=wso2.system.user Action=Get-User-Claim-Values Target=admin Data={"Claims":{},"Profile":"default"} Outcome=Success
TID: [-1234] [2024-03-08 18:23:04,420]  INFO {AUDIT_LOG} - Initiator=wso2.system.user Action=Get-User-Claim-Values Target=admin Data={"Claims":{},"Profile":"default"} Outcome=Success
TID: [-1234] [2024-03-08 18:23:04,421]  INFO {AUDIT_LOG} - Initiator=wso2.system.user Action=Get-User-Claim-Values Target=admin Data={"Claims":{},"Profile":"default"} Outcome=Success
TID: [-1234] [2024-03-08 18:23:04,422]  INFO {AUDIT_LOG} - Initiator=wso2.system.user Action=Get-User-Claim-Values Target=admin Data={"Claims":{},"Profile":"default"} Outcome=Success
TID: [-1234] [2024-03-08 18:23:04,425]  INFO {AUDIT_LOG} - Initiator=wso2.system.user Action=Get-User-Claim-Values Target=admin Data={"Claims":{},"Profile":"default"} Outcome=Success
TID: [-1234] [2024-03-08 18:23:04,425]  INFO {AUDIT_LOG} - Initiator=wso2.system.user Action=Get-User-Claim-Values Target=admin Data={"Claims":{},"Profile":"default"} Outcome=Success
TID: [-1234] [2024-03-08 18:23:04,426]  INFO {AUDIT_LOG} - Initiator=wso2.system.user Action=Get-User-Claim-Values Target=admin Data={"Claims":{},"Profile":"default"} Outcome=Success
TID: [-1234] [2024-03-08 18:23:04,437]  INFO {AUDIT_LOG} - Initiator=wso2.system.user Action=Get-User-Claim-Values Target=admin Data={"Claims":{},"Profile":"default"} Outcome=Success
TID: [-1234] [2024-03-08 18:23:04,443]  INFO {AUDIT_LOG} - Initiator=wso2.system.user Action=Get-User-Claim-Values Target=admin Data={"Claims":{},"Profile":"default"} Outcome=Success
TID: [-1234] [2024-03-08 18:23:04,719]  INFO {AUDIT_LOG} - Initiator=wso2.system.user Action=Get-Roles-of-User Target=admin Data={"Filter":"*","Roles":["Application/admin_42b717c3-b778-4abf-be53-da25c0376b4c_SANDBOX","Internal/everyone","admin","Application/apim_publisher","Internal/integration_dev","Internal/subscriber","Internal/creator","Application/apim_devportal","Application/admin_42b717c3-b778-4abf-be53-da25c0376b4c_PRODUCTION","Internal/publisher","Internal/devops","Internal/analytics","Internal/observer"]} Outcome=Success
TID: [-1234] [2024-03-08 18:23:06,737]  INFO {AUDIT_LOG} - Initiator=wso2.system.user Action=Get-User-Claim-Values Target=admin Data={"Claims":{},"Profile":"default"} Outcome=Success
TID: [-1234] [2024-03-08 18:23:06,782]  INFO {AUDIT_LOG} - Initiator=wso2.system.user Action=Get-User-Claim-Values Target=admin Data={"Claims":{},"Profile":"default"} Outcome=Success
TID: [-1234] [2024-03-08 18:23:07,701]  INFO {AUDIT_LOG} - Initiator=wso2.system.user Action=Get-User-Claim-Values Target=admin Data={"Claims":{},"Profile":"default"} Outcome=Success
TID: [-1234] [2024-03-08 18:23:08,015]  INFO {AUDIT_LOG} - Initiator=wso2.system.user Action=Get-User-Claim-Values Target=admin Data={"Claims":{},"Profile":"default"} Outcome=Success
TID: [-1234] [2024-03-08 18:23:08,320]  INFO {AUDIT_LOG} - Initiator=wso2.system.user Action=Get-User-Claim-Values Target=admin Data={"Claims":{},"Profile":"default"} Outcome=Success
TID: [-1234] [2024-03-08 18:23:08,827]  INFO {AUDIT_LOG} - Initiator=wso2.system.user Action=Get-User-Claim-Values Target=admin Data={"Claims":{},"Profile":"default"} Outcome=Success
TID: [-1234] [2024-03-08 18:23:50,711]  INFO {AUDIT_LOG} - Initiator : null | Action : Login | Target : ApplicationAuthenticationFramework | Data : { "ContextIdentifier" : "be9a4b31-becf-475d-bd1d-1e1a8035dfaf","ServiceProviderName" : "apim_devportal","RequestType" : "oidc","RelyingParty" : "mxaIc6FagjUgjY1D5plU9ouHpbwa","StepNo" : "1","User Agent" : "null","RemoteAddress" : "null","UserStoreDomain" : "null" } | Result : Failed 
TID: [-1234] [2024-03-08 18:23:55,479]  INFO {AUDIT_LOG} - Initiator : null | Action : Login | Target : ApplicationAuthenticationFramework | Data : { "ContextIdentifier" : "ed75ef66-bf00-4549-ba19-d762b67e2c0c","ServiceProviderName" : "apim_devportal","RequestType" : "oidc","RelyingParty" : "mxaIc6FagjUgjY1D5plU9ouHpbwa","StepNo" : "1","User Agent" : "null","RemoteAddress" : "null","UserStoreDomain" : "null" } | Result : Failed 
TID: [-1234] [2024-03-08 18:24:21,358]  INFO {AUDIT_LOG} - Initiator : null | Action : Login | Target : ApplicationAuthenticationFramework | Data : { "ContextIdentifier" : "20b47260-8741-4cfb-b635-36e3f3f7b378","ServiceProviderName" : "apim_devportal","RequestType" : "oidc","RelyingParty" : "mxaIc6FagjUgjY1D5plU9ouHpbwa","StepNo" : "1","User Agent" : "null","RemoteAddress" : "null","UserStoreDomain" : "null" } | Result : Failed 
TID: [-1234] [2024-03-08 18:25:19,459]  INFO {AUDIT_LOG} - Initiator=wso2.system.user Action=Get-User-Claim-Values Target=admin Data={"ServiceProviderName":"apim_publisher","Claims":{},"Profile":"default"} Outcome=Success
TID: [-1234] [2024-03-08 18:25:19,487]  INFO {AUDIT_LOG} - 'admin@carbon.super [-1234]' logged in at [2024-03-08 18:25:19,487-0300]
TID: [-1234] [2024-03-08 18:25:32,210]  INFO {AUDIT_LOG} - Initiator : null | Action : Login | Target : ApplicationAuthenticationFramework | Data : { "ContextIdentifier" : "945ef2d8-f9dc-4966-a273-55549b54d0de","ServiceProviderName" : "apim_devportal","RequestType" : "oidc","RelyingParty" : "mxaIc6FagjUgjY1D5plU9ouHpbwa","StepNo" : "1","User Agent" : "null","RemoteAddress" : "null","UserStoreDomain" : "null" } | Result : Failed 
TID: [-1234] [2024-03-08 18:26:20,603]  INFO {AUDIT_LOG} - Initiator : null | Action : Login | Target : ApplicationAuthenticationFramework | Data : { "ContextIdentifier" : "add116f3-ba7f-4d48-a184-8d5e29e21eb2","ServiceProviderName" : "apim_devportal","RequestType" : "oidc","RelyingParty" : "mxaIc6FagjUgjY1D5plU9ouHpbwa","StepNo" : "1","User Agent" : "null","RemoteAddress" : "null","UserStoreDomain" : "null" } | Result : Failed 
TID: [-1234] [2024-03-08 18:27:02,926]  INFO {AUDIT_LOG} - Initiator : null | Action : Login | Target : ApplicationAuthenticationFramework | Data : { "ContextIdentifier" : "534932b8-e601-410f-a7f9-8ef4b8f19803","ServiceProviderName" : "apim_devportal","RequestType" : "oidc","RelyingParty" : "mxaIc6FagjUgjY1D5plU9ouHpbwa","StepNo" : "1","User Agent" : "null","RemoteAddress" : "null","UserStoreDomain" : "null" } | Result : Failed 
TID: [-1234] [2024-03-08 18:27:55,957]  INFO {AUDIT_LOG} - Initiator : null | Action : Login | Target : ApplicationAuthenticationFramework | Data : { "ContextIdentifier" : "01715869-4519-4af7-b3b1-5aefe95a0fee","ServiceProviderName" : "apim_devportal","RequestType" : "oidc","RelyingParty" : "mxaIc6FagjUgjY1D5plU9ouHpbwa","StepNo" : "1","User Agent" : "null","RemoteAddress" : "null","UserStoreDomain" : "null" } | Result : Failed 
TID: [-1234] [2024-03-08 18:29:34,121]  INFO {AUDIT_LOG} - Initiator : admin@carbon.super | Action : update | Target : AzureADIDP | Data : { AZUREAD IDP@carbon.super } | Result : Success 
TID: [-1234] [2024-03-08 18:30:02,320]  INFO {AUDIT_LOG} - Initiator : null | Action : Login | Target : ApplicationAuthenticationFramework | Data : { "ContextIdentifier" : "69751267-2f1c-419b-a1a2-3bedc3230b28","ServiceProviderName" : "apim_devportal","RequestType" : "oidc","RelyingParty" : "mxaIc6FagjUgjY1D5plU9ouHpbwa","StepNo" : "1","User Agent" : "null","RemoteAddress" : "null","UserStoreDomain" : "null" } | Result : Failed 
TID: [-1234] [2024-03-08 18:32:10,986]  INFO {AUDIT_LOG} - Initiator : admin@carbon.super | Action : update | Target : AzureADIDP | Data : { AZUREAD IDP@carbon.super } | Result : Success 
TID: [-1234] [2024-03-08 18:32:25,686]  INFO {AUDIT_LOG} - Initiator : null | Action : Login | Target : ApplicationAuthenticationFramework | Data : { "ContextIdentifier" : "5c1a02e7-2760-4a24-899b-5b81cdc57ac9","ServiceProviderName" : "apim_devportal","RequestType" : "oidc","RelyingParty" : "mxaIc6FagjUgjY1D5plU9ouHpbwa","StepNo" : "1","User Agent" : "null","RemoteAddress" : "null","UserStoreDomain" : "null" } | Result : Failed 
TID: [-1234] [2024-03-08 18:32:50,909]  INFO {AUDIT_LOG} - Initiator : null | Action : Login | Target : ApplicationAuthenticationFramework | Data : { "ContextIdentifier" : "deb36afc-259d-4d58-9142-6ec43681d1db","ServiceProviderName" : "apim_devportal","RequestType" : "oidc","RelyingParty" : "mxaIc6FagjUgjY1D5plU9ouHpbwa","StepNo" : "1","User Agent" : "null","RemoteAddress" : "null","UserStoreDomain" : "null" } | Result : Failed 
TID: [-1234] [2024-03-08 18:33:23,741]  INFO {AUDIT_LOG} - Initiator : admin@carbon.super | Action : update | Target : AzureADIDP | Data : { AZUREAD IDP@carbon.super } | Result : Success 
TID: [-1234] [2024-03-08 18:33:51,569]  INFO {AUDIT_LOG} - Initiator : null | Action : Login | Target : ApplicationAuthenticationFramework | Data : { "ContextIdentifier" : "32996388-ac40-4551-acb3-80617a6690b1","ServiceProviderName" : "apim_devportal","RequestType" : "oidc","RelyingParty" : "mxaIc6FagjUgjY1D5plU9ouHpbwa","StepNo" : "1","User Agent" : "null","RemoteAddress" : "null","UserStoreDomain" : "null" } | Result : Failed 
TID: [-1234] [2024-03-08 18:34:31,868]  INFO {AUDIT_LOG} - Initiator : admin@carbon.super | Action : update | Target : AzureADIDP | Data : { AZUREAD IDP@carbon.super } | Result : Success 
TID: [-1234] [2024-03-08 18:34:58,226]  INFO {AUDIT_LOG} - Initiator : null | Action : Login | Target : ApplicationAuthenticationFramework | Data : { "ContextIdentifier" : "92758d5a-07ed-40f5-b795-cf177bce7e48","ServiceProviderName" : "apim_devportal","RequestType" : "oidc","RelyingParty" : "mxaIc6FagjUgjY1D5plU9ouHpbwa","StepNo" : "1","User Agent" : "null","RemoteAddress" : "null","UserStoreDomain" : "null" } | Result : Failed 
TID: [-1234] [2024-03-08 18:35:04,154]  INFO {AUDIT_LOG} - Initiator : null | Action : Login | Target : ApplicationAuthenticationFramework | Data : { "ContextIdentifier" : "a3ed27ec-04e8-43ed-a5a4-8116ac299e5f","ServiceProviderName" : "apim_devportal","RequestType" : "oidc","RelyingParty" : "mxaIc6FagjUgjY1D5plU9ouHpbwa","StepNo" : "1","User Agent" : "null","RemoteAddress" : "null","UserStoreDomain" : "null" } | Result : Failed 
TID: [-1234] [2024-03-08 18:42:29,154]  INFO {AUDIT_LOG} - Initiator=wso2.system.user Action=Get-User-Claim-Values Target=admin Data={"Claims":{},"Profile":"default"} Outcome=Success
TID: [-1234] [2024-03-08 18:42:29,154]  INFO {AUDIT_LOG} - Initiator=wso2.system.user Action=Get-User-Claim-Values Target=admin Data={"Claims":{},"Profile":"default"} Outcome=Success
TID: [-1234] [2024-03-08 18:42:29,154]  INFO {AUDIT_LOG} - Initiator=wso2.system.user Action=Get-User-Claim-Values Target=admin Data={"Claims":{},"Profile":"default"} Outcome=Success
TID: [-1234] [2024-03-08 18:42:29,154]  INFO {AUDIT_LOG} - Initiator=wso2.system.user Action=Get-User-Claim-Values Target=admin Data={"Claims":{},"Profile":"default"} Outcome=Success
TID: [-1234] [2024-03-08 18:42:29,154]  INFO {AUDIT_LOG} - Initiator=wso2.system.user Action=Get-User-Claim-Values Target=admin Data={"Claims":{},"Profile":"default"} Outcome=Success
TID: [-1234] [2024-03-08 18:42:29,154]  INFO {AUDIT_LOG} - Initiator=wso2.system.user Action=Get-User-Claim-Values Target=admin Data={"Claims":{},"Profile":"default"} Outcome=Success
TID: [-1234] [2024-03-08 18:42:29,154]  INFO {AUDIT_LOG} - Initiator=wso2.system.user Action=Get-User-Claim-Values Target=admin Data={"Claims":{},"Profile":"default"} Outcome=Success
TID: [-1234] [2024-03-08 18:42:29,154]  INFO {AUDIT_LOG} - Initiator=wso2.system.user Action=Get-User-Claim-Values Target=admin Data={"Claims":{},"Profile":"default"} Outcome=Success
TID: [-1234] [2024-03-08 18:42:29,155]  INFO {AUDIT_LOG} - Initiator=wso2.system.user Action=Get-User-Claim-Values Target=admin Data={"Claims":{},"Profile":"default"} Outcome=Success
TID: [-1234] [2024-03-08 18:42:29,155]  INFO {AUDIT_LOG} - Initiator=wso2.system.user Action=Get-User-Claim-Values Target=admin Data={"Claims":{},"Profile":"default"} Outcome=Success
TID: [-1234] [2024-03-08 18:42:29,155]  INFO {AUDIT_LOG} - Initiator=wso2.system.user Action=Get-User-Claim-Values Target=admin Data={"Claims":{},"Profile":"default"} Outcome=Success
TID: [-1234] [2024-03-08 18:42:29,155]  INFO {AUDIT_LOG} - Initiator=wso2.system.user Action=Get-User-Claim-Values Target=admin Data={"Claims":{},"Profile":"default"} Outcome=Success
TID: [-1234] [2024-03-08 18:42:29,155]  INFO {AUDIT_LOG} - Initiator=wso2.system.user Action=Get-User-Claim-Values Target=admin Data={"Claims":{},"Profile":"default"} Outcome=Success
TID: [-1234] [2024-03-08 18:42:29,156]  INFO {AUDIT_LOG} - Initiator=wso2.system.user Action=Get-User-Claim-Values Target=admin Data={"Claims":{},"Profile":"default"} Outcome=Success
TID: [-1234] [2024-03-08 18:42:29,156]  INFO {AUDIT_LOG} - Initiator=wso2.system.user Action=Get-User-Claim-Values Target=admin Data={"Claims":{},"Profile":"default"} Outcome=Success
TID: [-1234] [2024-03-08 18:42:29,157]  INFO {AUDIT_LOG} - Initiator=wso2.system.user Action=Get-User-Claim-Values Target=admin Data={"Claims":{},"Profile":"default"} Outcome=Success
TID: [-1234] [2024-03-08 18:42:29,157]  INFO {AUDIT_LOG} - Initiator=wso2.system.user Action=Get-User-Claim-Values Target=admin Data={"Claims":{},"Profile":"default"} Outcome=Success
TID: [-1234] [2024-03-08 18:42:29,158]  INFO {AUDIT_LOG} - Initiator=wso2.system.user Action=Get-User-Claim-Values Target=admin Data={"Claims":{},"Profile":"default"} Outcome=Success
TID: [-1234] [2024-03-08 18:42:29,158]  INFO {AUDIT_LOG} - Initiator=wso2.system.user Action=Get-User-Claim-Values Target=admin Data={"Claims":{},"Profile":"default"} Outcome=Success
TID: [-1234] [2024-03-08 18:42:29,166]  INFO {AUDIT_LOG} - Initiator=wso2.system.user Action=Get-User-Claim-Values Target=admin Data={"Claims":{},"Profile":"default"} Outcome=Success
TID: [-1234] [2024-03-08 18:42:29,166]  INFO {AUDIT_LOG} - Initiator=wso2.system.user Action=Get-User-Claim-Values Target=admin Data={"Claims":{},"Profile":"default"} Outcome=Success
TID: [-1234] [2024-03-08 18:42:29,167]  INFO {AUDIT_LOG} - Initiator=wso2.system.user Action=Get-User-Claim-Values Target=admin Data={"Claims":{},"Profile":"default"} Outcome=Success
TID: [-1234] [2024-03-08 18:42:29,167]  INFO {AUDIT_LOG} - Initiator=wso2.system.user Action=Get-User-Claim-Values Target=admin Data={"Claims":{},"Profile":"default"} Outcome=Success
TID: [-1234] [2024-03-08 18:42:29,168]  INFO {AUDIT_LOG} - Initiator=wso2.system.user Action=Get-User-Claim-Values Target=admin Data={"Claims":{},"Profile":"default"} Outcome=Success
TID: [-1234] [2024-03-08 18:42:29,441]  INFO {AUDIT_LOG} - Initiator=wso2.system.user Action=Get-User-Claim-Values Target=admin Data={"Claims":{},"Profile":"default"} Outcome=Success
TID: [-1234] [2024-03-08 18:42:29,442]  INFO {AUDIT_LOG} - Initiator=wso2.system.user Action=Get-User-Claim-Values Target=admin Data={"Claims":{},"Profile":"default"} Outcome=Success
TID: [-1234] [2024-03-08 18:42:29,450]  INFO {AUDIT_LOG} - Initiator=wso2.system.user Action=Get-User-Claim-Values Target=admin Data={"Claims":{},"Profile":"default"} Outcome=Success
TID: [-1234] [2024-03-08 18:42:29,453]  INFO {AUDIT_LOG} - Initiator=wso2.system.user Action=Get-User-Claim-Values Target=admin Data={"Claims":{},"Profile":"default"} Outcome=Success
TID: [-1234] [2024-03-08 18:42:29,453]  INFO {AUDIT_LOG} - Initiator=wso2.system.user Action=Get-User-Claim-Values Target=admin Data={"Claims":{},"Profile":"default"} Outcome=Success
TID: [-1234] [2024-03-08 18:42:29,453]  INFO {AUDIT_LOG} - Initiator=wso2.system.user Action=Get-User-Claim-Values Target=admin Data={"Claims":{},"Profile":"default"} Outcome=Success
TID: [-1234] [2024-03-08 18:42:29,472]  INFO {AUDIT_LOG} - Initiator=wso2.system.user Action=Get-User-Claim-Values Target=admin Data={"Claims":{},"Profile":"default"} Outcome=Success
TID: [-1234] [2024-03-08 18:42:29,496]  INFO {AUDIT_LOG} - Initiator=wso2.system.user Action=Get-User-Claim-Values Target=admin Data={"Claims":{},"Profile":"default"} Outcome=Success
TID: [-1234] [2024-03-08 18:42:29,710]  INFO {AUDIT_LOG} - Initiator=wso2.system.user Action=Get-Roles-of-User Target=admin Data={"Filter":"*","Roles":["Application/admin_42b717c3-b778-4abf-be53-da25c0376b4c_SANDBOX","Internal/everyone","admin","Application/apim_publisher","Internal/integration_dev","Internal/subscriber","Internal/creator","Application/apim_devportal","Application/admin_42b717c3-b778-4abf-be53-da25c0376b4c_PRODUCTION","Internal/publisher","Internal/devops","Internal/analytics","Internal/observer"]} Outcome=Success
TID: [-1234] [2024-03-08 18:42:32,270]  INFO {AUDIT_LOG} - Initiator=wso2.system.user Action=Get-User-Claim-Values Target=admin Data={"Claims":{},"Profile":"default"} Outcome=Success
TID: [-1234] [2024-03-08 18:42:32,386]  INFO {AUDIT_LOG} - Initiator=wso2.system.user Action=Get-User-Claim-Values Target=admin Data={"Claims":{},"Profile":"default"} Outcome=Success
TID: [-1234] [2024-03-08 18:42:33,705]  INFO {AUDIT_LOG} - Initiator=wso2.system.user Action=Get-User-Claim-Values Target=admin Data={"Claims":{},"Profile":"default"} Outcome=Success
TID: [-1234] [2024-03-08 18:42:35,333]  INFO {AUDIT_LOG} - Initiator=wso2.system.user Action=Get-User-Claim-Values Target=admin Data={"Claims":{},"Profile":"default"} Outcome=Success
TID: [-1234] [2024-03-08 18:42:35,898]  INFO {AUDIT_LOG} - Initiator=wso2.system.user Action=Get-User-Claim-Values Target=admin Data={"Claims":{},"Profile":"default"} Outcome=Success
TID: [-1234] [2024-03-08 18:42:36,300]  INFO {AUDIT_LOG} - Initiator=wso2.system.user Action=Get-User-Claim-Values Target=admin Data={"Claims":{},"Profile":"default"} Outcome=Success
TID: [-1234] [2024-03-08 18:42:41,069] ERROR {AUDIT_LOG} - Illegal access attempt at [2024-03-08 18:42:41,0069] from IP address null while trying to authenticate access to service IdentityProviderMgtService
TID: [-1234] [2024-03-08 18:43:43,656]  INFO {AUDIT_LOG} - Initiator : null | Action : Login | Target : ApplicationAuthenticationFramework | Data : { "ContextIdentifier" : "7068fc3a-d526-49f0-979a-ee34a882e3f3","ServiceProviderName" : "apim_devportal","RequestType" : "oidc","RelyingParty" : "mxaIc6FagjUgjY1D5plU9ouHpbwa","StepNo" : "1","User Agent" : "null","RemoteAddress" : "null","UserStoreDomain" : "null" } | Result : Failed 
TID: [-1234] [2024-03-08 18:43:50,000]  INFO {AUDIT_LOG} - Initiator : null | Action : Login | Target : ApplicationAuthenticationFramework | Data : { "ContextIdentifier" : "8c54b668-37fb-48ca-b681-bc99fe969ec4","ServiceProviderName" : "apim_devportal","RequestType" : "oidc","RelyingParty" : "mxaIc6FagjUgjY1D5plU9ouHpbwa","StepNo" : "1","User Agent" : "null","RemoteAddress" : "null","UserStoreDomain" : "null" } | Result : Failed 
TID: [-1234] [2024-03-08 18:44:13,229]  INFO {AUDIT_LOG} - Initiator=wso2.system.user Action=Get-User-Claim-Values Target=admin Data={"ServiceProviderName":"apim_devportal","Claims":{},"Profile":"default"} Outcome=Success
TID: [-1234] [2024-03-08 18:44:13,251]  INFO {AUDIT_LOG} - 'admin@carbon.super [-1234]' logged in at [2024-03-08 18:44:13,251-0300]
TID: [-1234] [2024-03-08 18:50:50,935]  INFO {AUDIT_LOG} - Initiator : null | Action : Login | Target : ApplicationAuthenticationFramework | Data : { "ContextIdentifier" : "caf02df1-db94-4c57-8f5b-e29691fb486c","ServiceProviderName" : "apim_devportal","RequestType" : "oidc","RelyingParty" : "mxaIc6FagjUgjY1D5plU9ouHpbwa","StepNo" : "1","User Agent" : "null","RemoteAddress" : "null","UserStoreDomain" : "null" } | Result : Failed 
