TID: [-1234] [2023-12-02 16:50:56,215]  INFO {AUDIT_LOG} - Initiator=wso2.system.user Action=Get-User-Claim-Values Target=admin Data={"Claims":{},"Profile":"default"} Outcome=Success
TID: [-1234] [2023-12-02 16:50:56,215]  INFO {AUDIT_LOG} - Initiator=wso2.system.user Action=Get-User-Claim-Values Target=admin Data={"Claims":{},"Profile":"default"} Outcome=Success
TID: [-1234] [2023-12-02 16:50:56,217]  INFO {AUDIT_LOG} - Initiator=wso2.system.user Action=Get-User-Claim-Values Target=admin Data={"Claims":{},"Profile":"default"} Outcome=Success
TID: [-1234] [2023-12-02 16:50:56,219]  INFO {AUDIT_LOG} - Initiator=wso2.system.user Action=Get-User-Claim-Values Target=admin Data={"Claims":{},"Profile":"default"} Outcome=Success
TID: [-1234] [2023-12-02 16:50:56,220]  INFO {AUDIT_LOG} - Initiator=wso2.system.user Action=Get-User-Claim-Values Target=admin Data={"Claims":{},"Profile":"default"} Outcome=Success
TID: [-1234] [2023-12-02 16:50:56,220]  INFO {AUDIT_LOG} - Initiator=wso2.system.user Action=Get-User-Claim-Values Target=admin Data={"Claims":{},"Profile":"default"} Outcome=Success
TID: [-1234] [2023-12-02 16:50:56,221]  INFO {AUDIT_LOG} - Initiator=wso2.system.user Action=Get-User-Claim-Values Target=admin Data={"Claims":{},"Profile":"default"} Outcome=Success
TID: [-1234] [2023-12-02 16:50:56,221]  INFO {AUDIT_LOG} - Initiator=wso2.system.user Action=Get-User-Claim-Values Target=admin Data={"Claims":{},"Profile":"default"} Outcome=Success
TID: [-1234] [2023-12-02 16:50:56,222]  INFO {AUDIT_LOG} - Initiator=wso2.system.user Action=Get-User-Claim-Values Target=admin Data={"Claims":{},"Profile":"default"} Outcome=Success
TID: [-1234] [2023-12-02 16:50:56,223]  INFO {AUDIT_LOG} - Initiator=wso2.system.user Action=Get-User-Claim-Values Target=admin Data={"Claims":{},"Profile":"default"} Outcome=Success
TID: [-1234] [2023-12-02 16:50:56,223]  INFO {AUDIT_LOG} - Initiator=wso2.system.user Action=Get-User-Claim-Values Target=admin Data={"Claims":{},"Profile":"default"} Outcome=Success
TID: [-1234] [2023-12-02 16:50:56,223]  INFO {AUDIT_LOG} - Initiator=wso2.system.user Action=Get-User-Claim-Values Target=admin Data={"Claims":{},"Profile":"default"} Outcome=Success
TID: [-1234] [2023-12-02 16:50:56,224]  INFO {AUDIT_LOG} - Initiator=wso2.system.user Action=Get-User-Claim-Values Target=admin Data={"Claims":{},"Profile":"default"} Outcome=Success
TID: [-1234] [2023-12-02 16:50:56,225]  INFO {AUDIT_LOG} - Initiator=wso2.system.user Action=Get-User-Claim-Values Target=admin Data={"Claims":{},"Profile":"default"} Outcome=Success
TID: [-1234] [2023-12-02 16:50:56,226]  INFO {AUDIT_LOG} - Initiator=wso2.system.user Action=Get-User-Claim-Values Target=admin Data={"Claims":{},"Profile":"default"} Outcome=Success
TID: [-1234] [2023-12-02 16:50:56,226]  INFO {AUDIT_LOG} - Initiator=wso2.system.user Action=Get-User-Claim-Values Target=admin Data={"Claims":{},"Profile":"default"} Outcome=Success
TID: [-1234] [2023-12-02 16:50:56,227]  INFO {AUDIT_LOG} - Initiator=wso2.system.user Action=Get-User-Claim-Values Target=admin Data={"Claims":{},"Profile":"default"} Outcome=Success
TID: [-1234] [2023-12-02 16:50:56,228]  INFO {AUDIT_LOG} - Initiator=wso2.system.user Action=Get-User-Claim-Values Target=admin Data={"Claims":{},"Profile":"default"} Outcome=Success
TID: [-1234] [2023-12-02 16:50:56,229]  INFO {AUDIT_LOG} - Initiator=wso2.system.user Action=Get-User-Claim-Values Target=admin Data={"Claims":{},"Profile":"default"} Outcome=Success
TID: [-1234] [2023-12-02 16:50:56,229]  INFO {AUDIT_LOG} - Initiator=wso2.system.user Action=Get-User-Claim-Values Target=admin Data={"Claims":{},"Profile":"default"} Outcome=Success
TID: [-1234] [2023-12-02 16:50:56,230]  INFO {AUDIT_LOG} - Initiator=wso2.system.user Action=Get-User-Claim-Values Target=admin Data={"Claims":{},"Profile":"default"} Outcome=Success
TID: [-1234] [2023-12-02 16:50:56,229]  INFO {AUDIT_LOG} - Initiator=wso2.system.user Action=Get-User-Claim-Values Target=admin Data={"Claims":{},"Profile":"default"} Outcome=Success
TID: [-1234] [2023-12-02 16:50:56,230]  INFO {AUDIT_LOG} - Initiator=wso2.system.user Action=Get-User-Claim-Values Target=admin Data={"Claims":{},"Profile":"default"} Outcome=Success
TID: [-1234] [2023-12-02 16:50:56,235]  INFO {AUDIT_LOG} - Initiator=wso2.system.user Action=Get-User-Claim-Values Target=admin Data={"Claims":{},"Profile":"default"} Outcome=Success
TID: [-1234] [2023-12-02 16:50:56,714]  INFO {AUDIT_LOG} - Initiator=wso2.system.user Action=Get-User-Claim-Values Target=admin Data={"Claims":{},"Profile":"default"} Outcome=Success
TID: [-1234] [2023-12-02 16:50:56,728]  INFO {AUDIT_LOG} - Initiator=wso2.system.user Action=Get-User-Claim-Values Target=admin Data={"Claims":{},"Profile":"default"} Outcome=Success
TID: [-1234] [2023-12-02 16:50:56,745]  INFO {AUDIT_LOG} - Initiator=wso2.system.user Action=Get-User-Claim-Values Target=admin Data={"Claims":{},"Profile":"default"} Outcome=Success
TID: [-1234] [2023-12-02 16:50:56,764]  INFO {AUDIT_LOG} - Initiator=wso2.system.user Action=Get-User-Claim-Values Target=admin Data={"Claims":{},"Profile":"default"} Outcome=Success
TID: [-1234] [2023-12-02 16:50:56,773]  INFO {AUDIT_LOG} - Initiator=wso2.system.user Action=Get-User-Claim-Values Target=admin Data={"Claims":{},"Profile":"default"} Outcome=Success
TID: [-1234] [2023-12-02 16:50:56,778]  INFO {AUDIT_LOG} - Initiator=wso2.system.user Action=Get-User-Claim-Values Target=admin Data={"Claims":{},"Profile":"default"} Outcome=Success
TID: [-1234] [2023-12-02 16:50:56,798]  INFO {AUDIT_LOG} - Initiator=wso2.system.user Action=Get-User-Claim-Values Target=admin Data={"Claims":{},"Profile":"default"} Outcome=Success
TID: [-1234] [2023-12-02 16:50:56,800]  INFO {AUDIT_LOG} - Initiator=wso2.system.user Action=Get-User-Claim-Values Target=admin Data={"Claims":{},"Profile":"default"} Outcome=Success
TID: [-1234] [2023-12-02 16:50:57,014]  INFO {AUDIT_LOG} - Initiator=wso2.system.user Action=Get-Roles-of-User Target=admin Data={"Filter":"*","Roles":["Application/admin_42b717c3-b778-4abf-be53-da25c0376b4c_SANDBOX","Internal/everyone","admin","Application/apim_publisher","Internal/integration_dev","Internal/subscriber","Internal/creator","Application/apim_devportal","Application/admin_42b717c3-b778-4abf-be53-da25c0376b4c_PRODUCTION","Internal/publisher","Internal/devops","Internal/analytics","Internal/observer"]} Outcome=Success
TID: [-1234] [2023-12-02 16:51:00,391]  INFO {AUDIT_LOG} - Initiator=wso2.system.user Action=Get-User-Claim-Values Target=admin Data={"Claims":{},"Profile":"default"} Outcome=Success
TID: [-1234] [2023-12-02 16:51:00,557]  INFO {AUDIT_LOG} - Initiator=wso2.system.user Action=Get-User-Claim-Values Target=admin Data={"Claims":{},"Profile":"default"} Outcome=Success
TID: [-1234] [2023-12-02 16:51:01,419]  INFO {AUDIT_LOG} - Initiator=wso2.system.user Action=Get-User-Claim-Values Target=admin Data={"Claims":{},"Profile":"default"} Outcome=Success
TID: [-1234] [2023-12-02 16:51:02,370]  INFO {AUDIT_LOG} - Initiator=wso2.system.user Action=Get-User-Claim-Values Target=admin Data={"Claims":{},"Profile":"default"} Outcome=Success
TID: [-1234] [2023-12-02 16:51:02,898]  INFO {AUDIT_LOG} - Initiator=wso2.system.user Action=Get-User-Claim-Values Target=admin Data={"Claims":{},"Profile":"default"} Outcome=Success
TID: [-1234] [2023-12-02 16:51:03,592]  INFO {AUDIT_LOG} - Initiator=wso2.system.user Action=Get-User-Claim-Values Target=admin Data={"Claims":{},"Profile":"default"} Outcome=Success
TID: [-1234] [2023-12-02 16:51:37,137]  INFO {AUDIT_LOG} - Initiator=wso2.system.user Action=Get-User-Claim-Values Target=admin Data={"ServiceProviderName":"apim_publisher","Claims":{},"Profile":"default"} Outcome=Success
TID: [-1234] [2023-12-02 16:51:37,144]  INFO {AUDIT_LOG} - Initiator : admin | Action : LoginStepSuccess | Target : ApplicationAuthenticationFramework | Data : { "ContextIdentifier" : "17afcdf8-92a4-4790-b4f1-bb789c8d80a2","AuthenticatedUser" : "admin","AuthenticatedUserTenantDomain" : "carbon.super","ServiceProviderName" : "apim_publisher","RequestType" : "oidc","RelyingParty" : "qK6XfUyETe94iPOQe8BCVjkatyIa","AuthenticatedIdP" : "LOCAL","User Agent" : "null","RemoteAddress" : "null","UserStoreDomain" : "PRIMARY" } | Result : Success 
TID: [-1234] [2023-12-02 16:51:37,159]  INFO {AUDIT_LOG} - Initiator=wso2.system.user Action=Get-User-Claim-Values Target=admin Data={"ServiceProviderName":"apim_publisher","Claims":{"http://wso2.org/claims/username":"admin","http://wso2.org/claims/userid":"1a07ba06-bc09-447c-b64f-da7fbad618cd","http://wso2.org/claims/role":"Application/admin_42b717c3-b778-4abf-be53-da25c0376b4c_SANDBOX,Internal/everyone,admin,Application/apim_publisher,Internal/integration_dev,Internal/subscriber,Internal/creator,Application/apim_devportal,Application/admin_42b717c3-b778-4abf-be53-da25c0376b4c_PRODUCTION,Internal/publisher,Internal/devops,Internal/analytics,Internal/observer","http://wso2.org/claims/userprincipal":"admin"}} Outcome=Success
TID: [-1234] [2023-12-02 16:51:37,315]  INFO {AUDIT_LOG} - Initiator : admin | Action : Login | Target : ApplicationAuthenticationFramework | Data : { "ContextIdentifier" : "17afcdf8-92a4-4790-b4f1-bb789c8d80a2","AuthenticatedUser" : "admin","AuthenticatedUserTenantDomain" : "carbon.super","ServiceProviderName" : "apim_publisher","RequestType" : "oidc","RelyingParty" : "qK6XfUyETe94iPOQe8BCVjkatyIa","AuthenticatedIdPs" : "eyJ0eXAiOiJKV1QiLCAiYWxnIjoiSFMyNTYifQ==.eyJpc3MiOiJ3c28yIiwiZXhwIjoxNzAxNTQ2Njk3MTUwMzAwMCwiaWF0IjoxNzAxNTQ2Njk3MTUwLCJpZHBzIjpbeyJpZHAiOiJMT0NBTCIsImF1dGhlbnRpY2F0b3IiOiJCYXNpY0F1dGhlbnRpY2F0b3IifV19.3Zk8xWOrCEzRaqAIB5XM7bLZ9xE=","User Agent" : "null","RemoteAddress" : "null","UserStoreDomain" : "PRIMARY" } | Result : Success 
TID: [-1234] [2023-12-02 16:51:38,963]  INFO {AUDIT_LOG} - Initiator=wso2.system.user Action=Get-User-Claim-Values Target=admin Data={"Claims":{},"Profile":"default"} Outcome=Success
TID: [-1234] [2023-12-02 16:52:05,605]  INFO {AUDIT_LOG} - Initiator=wso2.system.user Action=Get-User-Claim-Values Target=admin Data={"Claims":{},"Profile":"default"} Outcome=Success
TID: [-1234] [2023-12-02 16:52:05,894]  INFO {AUDIT_LOG} - Initiator=wso2.system.user Action=Get-User-Claim-Values Target=admin Data={"Claims":{},"Profile":"default"} Outcome=Success
TID: [-1234] [2023-12-02 16:52:28,205]  INFO {AUDIT_LOG} - Initiator=wso2.system.user Action=Get-User-Claim-Values Target=admin Data={"Claims":{},"Profile":"default"} Outcome=Success
TID: [-1234] [2023-12-02 16:52:28,281]  INFO {AUDIT_LOG} - Initiator=wso2.system.user Action=Get-User-Claim-Values Target=admin Data={"Claims":{},"Profile":"default"} Outcome=Success
TID: [-1234] [2023-12-02 16:52:54,938]  INFO {AUDIT_LOG} - Initiator=wso2.system.user Action=Get-User-Claim-Values Target=admin Data={"Claims":{},"Profile":"default"} Outcome=Success
TID: [-1234] [2023-12-02 16:52:55,019]  INFO {AUDIT_LOG} - Initiator=wso2.system.user Action=Get-User-Claim-Values Target=admin Data={"Claims":{},"Profile":"default"} Outcome=Success
TID: [-1234] [2023-12-02 17:53:02,516]  INFO {AUDIT_LOG} - Initiator=wso2.system.user Action=Get-Roles-of-User Target=admin Data={"Filter":"*","Roles":["Application/admin_42b717c3-b778-4abf-be53-da25c0376b4c_SANDBOX","Internal/everyone","admin","Application/apim_publisher","Internal/integration_dev","Internal/subscriber","Internal/creator","Application/apim_devportal","Application/admin_42b717c3-b778-4abf-be53-da25c0376b4c_PRODUCTION","Internal/publisher","Internal/devops","Internal/analytics","Internal/observer"]} Outcome=Success
