2023-10-09T14:49:39,950 [-] [Framework Event Dispatcher: Equinox Container: 164d1c50-1fa8-4108-9495-0eb8e846a070]  INFO WorkflowCallbackService Building Axis service for Proxy service : WorkflowCallbackService
2023-10-09T14:49:39,955 [-] [Framework Event Dispatcher: Equinox Container: 164d1c50-1fa8-4108-9495-0eb8e846a070]  INFO WorkflowCallbackService Adding service WorkflowCallbackService to the Axis2 configuration
2023-10-09T14:49:39,955 [-] [Framework Event Dispatcher: Equinox Container: 164d1c50-1fa8-4108-9495-0eb8e846a070]  INFO WorkflowCallbackService Successfully created the Axis2 service for Proxy service : WorkflowCallbackService
2023-10-09T15:12:52,301 [-] [PassThroughMessageProcessor-10]  INFO __SynapseService STATUS = Message dispatched to the main sequence. Invalid URL., RESOURCE = /customers/, HEALTH CHECK URL = /customers/
2023-10-09T15:12:53,799 [-] [PassThroughMessageProcessor-11]  INFO __SynapseService STATUS = Message dispatched to the main sequence. Invalid URL., RESOURCE = /customers, HEALTH CHECK URL = /customers
2023-10-09T15:28:39,017 [-] [Framework Event Dispatcher: Equinox Container: d412692e-512d-4e08-a990-796ab5253c4f]  INFO WorkflowCallbackService Building Axis service for Proxy service : WorkflowCallbackService
2023-10-09T15:28:39,023 [-] [Framework Event Dispatcher: Equinox Container: d412692e-512d-4e08-a990-796ab5253c4f]  INFO WorkflowCallbackService Adding service WorkflowCallbackService to the Axis2 configuration
2023-10-09T15:28:39,024 [-] [Framework Event Dispatcher: Equinox Container: d412692e-512d-4e08-a990-796ab5253c4f]  INFO WorkflowCallbackService Successfully created the Axis2 service for Proxy service : WorkflowCallbackService
2023-10-09T15:44:51,497 [-] [Framework Event Dispatcher: Equinox Container: 524428e2-7021-4a6a-be5c-52d37265a4da]  INFO WorkflowCallbackService Building Axis service for Proxy service : WorkflowCallbackService
2023-10-09T15:44:51,504 [-] [Framework Event Dispatcher: Equinox Container: 524428e2-7021-4a6a-be5c-52d37265a4da]  INFO WorkflowCallbackService Adding service WorkflowCallbackService to the Axis2 configuration
2023-10-09T15:44:51,506 [-] [Framework Event Dispatcher: Equinox Container: 524428e2-7021-4a6a-be5c-52d37265a4da]  INFO WorkflowCallbackService Successfully created the Axis2 service for Proxy service : WorkflowCallbackService
2023-10-09T18:26:59,101 [-] [Framework Event Dispatcher: Equinox Container: 01a089fb-73c1-4366-b5bc-0f46109979e8]  INFO WorkflowCallbackService Building Axis service for Proxy service : WorkflowCallbackService
2023-10-09T18:26:59,108 [-] [Framework Event Dispatcher: Equinox Container: 01a089fb-73c1-4366-b5bc-0f46109979e8]  INFO WorkflowCallbackService Adding service WorkflowCallbackService to the Axis2 configuration
2023-10-09T18:26:59,110 [-] [Framework Event Dispatcher: Equinox Container: 01a089fb-73c1-4366-b5bc-0f46109979e8]  INFO WorkflowCallbackService Successfully created the Axis2 service for Proxy service : WorkflowCallbackService
2023-10-10T15:35:02,809 [-] [Framework Event Dispatcher: Equinox Container: e2d56c82-a2c6-4128-8a22-d844a88cb54f]  INFO WorkflowCallbackService Building Axis service for Proxy service : WorkflowCallbackService
2023-10-10T15:35:02,818 [-] [Framework Event Dispatcher: Equinox Container: e2d56c82-a2c6-4128-8a22-d844a88cb54f]  INFO WorkflowCallbackService Adding service WorkflowCallbackService to the Axis2 configuration
2023-10-10T15:35:02,819 [-] [Framework Event Dispatcher: Equinox Container: e2d56c82-a2c6-4128-8a22-d844a88cb54f]  INFO WorkflowCallbackService Successfully created the Axis2 service for Proxy service : WorkflowCallbackService
2023-10-12T14:51:52,587 [-] [Framework Event Dispatcher: Equinox Container: a404c9d2-81ad-49c0-b08f-7e9eb12410a4]  INFO WorkflowCallbackService Building Axis service for Proxy service : WorkflowCallbackService
2023-10-12T14:51:52,606 [-] [Framework Event Dispatcher: Equinox Container: a404c9d2-81ad-49c0-b08f-7e9eb12410a4]  INFO WorkflowCallbackService Adding service WorkflowCallbackService to the Axis2 configuration
2023-10-12T14:51:52,608 [-] [Framework Event Dispatcher: Equinox Container: a404c9d2-81ad-49c0-b08f-7e9eb12410a4]  INFO WorkflowCallbackService Successfully created the Axis2 service for Proxy service : WorkflowCallbackService
2023-10-12T14:51:59,174 [-] [PassThroughMessageProcessor-1]  INFO __SynapseService STATUS = Message dispatched to the main sequence. Invalid URL., RESOURCE = /customers/v1/Customers, HEALTH CHECK URL = /customers/v1/Customers
2023-10-27T15:01:22,111 [-] [Framework Event Dispatcher: Equinox Container: 1dbc2fba-fd6c-44be-a5f8-12bd077452d6]  INFO WorkflowCallbackService Building Axis service for Proxy service : WorkflowCallbackService
2023-10-27T15:01:22,116 [-] [Framework Event Dispatcher: Equinox Container: 1dbc2fba-fd6c-44be-a5f8-12bd077452d6]  INFO WorkflowCallbackService Adding service WorkflowCallbackService to the Axis2 configuration
2023-10-27T15:01:22,116 [-] [Framework Event Dispatcher: Equinox Container: 1dbc2fba-fd6c-44be-a5f8-12bd077452d6]  INFO WorkflowCallbackService Successfully created the Axis2 service for Proxy service : WorkflowCallbackService
2023-10-27T15:12:57,881 [-] [PassThroughMessageProcessor-4]  INFO __SynapseService STATUS = Message dispatched to the main sequence. Invalid URL., RESOURCE = /invoices/v1/Invoices, HEALTH CHECK URL = /invoices/v1/Invoices
2023-10-27T15:13:20,222 [-] [PassThroughMessageProcessor-5]  INFO __SynapseService STATUS = Message dispatched to the main sequence. Invalid URL., RESOURCE = /invoices/v1/Invoices, HEALTH CHECK URL = /invoices/v1/Invoices
2023-10-27T15:14:47,284 [-] [PassThroughMessageProcessor-9]  INFO __SynapseService STATUS = Message dispatched to the main sequence. Invalid URL., RESOURCE = /invoices/v1/Invoices, HEALTH CHECK URL = /invoices/v1/Invoices
2023-10-27T15:26:45,938 [-] [PassThroughMessageProcessor-29]  INFO __SynapseService STATUS = Message dispatched to the main sequence. Invalid URL., RESOURCE = /invoices/v1/Invoice, HEALTH CHECK URL = /invoices/v1/Invoice
2023-10-27T15:26:49,026 [-] [PassThroughMessageProcessor-30]  INFO __SynapseService STATUS = Message dispatched to the main sequence. Invalid URL., RESOURCE = /invoices/v1/Invoices, HEALTH CHECK URL = /invoices/v1/Invoices
2023-10-27T18:39:45,993 [-] [Framework Event Dispatcher: Equinox Container: 1145f317-0369-4e76-85fa-7cb2fe9d116b]  INFO WorkflowCallbackService Building Axis service for Proxy service : WorkflowCallbackService
2023-10-27T18:39:46,003 [-] [Framework Event Dispatcher: Equinox Container: 1145f317-0369-4e76-85fa-7cb2fe9d116b]  INFO WorkflowCallbackService Adding service WorkflowCallbackService to the Axis2 configuration
2023-10-27T18:39:46,005 [-] [Framework Event Dispatcher: Equinox Container: 1145f317-0369-4e76-85fa-7cb2fe9d116b]  INFO WorkflowCallbackService Successfully created the Axis2 service for Proxy service : WorkflowCallbackService
2023-10-30T18:28:27,183 [-] [Framework Event Dispatcher: Equinox Container: cf28b109-be38-41a7-a77f-a050edbc1bf2]  INFO WorkflowCallbackService Building Axis service for Proxy service : WorkflowCallbackService
2023-10-30T18:28:27,192 [-] [Framework Event Dispatcher: Equinox Container: cf28b109-be38-41a7-a77f-a050edbc1bf2]  INFO WorkflowCallbackService Adding service WorkflowCallbackService to the Axis2 configuration
2023-10-30T18:28:27,193 [-] [Framework Event Dispatcher: Equinox Container: cf28b109-be38-41a7-a77f-a050edbc1bf2]  INFO WorkflowCallbackService Successfully created the Axis2 service for Proxy service : WorkflowCallbackService
2023-11-13T14:16:43,489 [-] [Framework Event Dispatcher: Equinox Container: c453a98a-963d-4932-a30a-18d7d9959c8e]  INFO WorkflowCallbackService Building Axis service for Proxy service : WorkflowCallbackService
2023-11-13T14:16:43,494 [-] [Framework Event Dispatcher: Equinox Container: c453a98a-963d-4932-a30a-18d7d9959c8e]  INFO WorkflowCallbackService Adding service WorkflowCallbackService to the Axis2 configuration
2023-11-13T14:16:43,495 [-] [Framework Event Dispatcher: Equinox Container: c453a98a-963d-4932-a30a-18d7d9959c8e]  INFO WorkflowCallbackService Successfully created the Axis2 service for Proxy service : WorkflowCallbackService
2023-11-13T14:50:31,987 [-] [PassThroughMessageProcessor-16]  INFO __SynapseService STATUS = Message dispatched to the main sequence. Invalid URL., RESOURCE = /Invoices, HEALTH CHECK URL = /Invoices
2023-11-14T17:59:16,536 [-] [Framework Event Dispatcher: Equinox Container: 15819b20-f5f1-4250-9e73-26915b682235]  INFO WorkflowCallbackService Building Axis service for Proxy service : WorkflowCallbackService
2023-11-14T17:59:16,541 [-] [Framework Event Dispatcher: Equinox Container: 15819b20-f5f1-4250-9e73-26915b682235]  INFO WorkflowCallbackService Adding service WorkflowCallbackService to the Axis2 configuration
2023-11-14T17:59:16,542 [-] [Framework Event Dispatcher: Equinox Container: 15819b20-f5f1-4250-9e73-26915b682235]  INFO WorkflowCallbackService Successfully created the Axis2 service for Proxy service : WorkflowCallbackService
2023-11-16T14:52:38,334 [-] [Framework Event Dispatcher: Equinox Container: 4537ef58-996e-4553-94bb-e90e84a86e59]  INFO WorkflowCallbackService Building Axis service for Proxy service : WorkflowCallbackService
2023-11-16T14:52:38,340 [-] [Framework Event Dispatcher: Equinox Container: 4537ef58-996e-4553-94bb-e90e84a86e59]  INFO WorkflowCallbackService Adding service WorkflowCallbackService to the Axis2 configuration
2023-11-16T14:52:38,341 [-] [Framework Event Dispatcher: Equinox Container: 4537ef58-996e-4553-94bb-e90e84a86e59]  INFO WorkflowCallbackService Successfully created the Axis2 service for Proxy service : WorkflowCallbackService
2023-11-16T19:00:24,366 [-] [Framework Event Dispatcher: Equinox Container: d8560c53-1e00-4bd6-b55c-63ec64f2b231]  INFO WorkflowCallbackService Building Axis service for Proxy service : WorkflowCallbackService
2023-11-16T19:00:24,372 [-] [Framework Event Dispatcher: Equinox Container: d8560c53-1e00-4bd6-b55c-63ec64f2b231]  INFO WorkflowCallbackService Adding service WorkflowCallbackService to the Axis2 configuration
2023-11-16T19:00:24,373 [-] [Framework Event Dispatcher: Equinox Container: d8560c53-1e00-4bd6-b55c-63ec64f2b231]  INFO WorkflowCallbackService Successfully created the Axis2 service for Proxy service : WorkflowCallbackService
2023-11-17T16:29:40,178 [-] [Framework Event Dispatcher: Equinox Container: 05859aab-ed9f-4806-ac00-d5911d61ce85]  INFO WorkflowCallbackService Building Axis service for Proxy service : WorkflowCallbackService
2023-11-17T16:29:40,189 [-] [Framework Event Dispatcher: Equinox Container: 05859aab-ed9f-4806-ac00-d5911d61ce85]  INFO WorkflowCallbackService Adding service WorkflowCallbackService to the Axis2 configuration
2023-11-17T16:29:40,191 [-] [Framework Event Dispatcher: Equinox Container: 05859aab-ed9f-4806-ac00-d5911d61ce85]  INFO WorkflowCallbackService Successfully created the Axis2 service for Proxy service : WorkflowCallbackService
2023-11-17T17:14:17,793 [-] [PassThroughMessageProcessor-19]  INFO __SynapseService STATUS = Message dispatched to the main sequence. Invalid URL., RESOURCE = /purchases/v1/PurchaseOrderDetails, HEALTH CHECK URL = /purchases/v1/PurchaseOrderDetails
2023-11-17T17:14:29,517 [-] [PassThroughMessageProcessor-20]  INFO __SynapseService STATUS = Message dispatched to the main sequence. Invalid URL., RESOURCE = /purchases/v1/PurchaseOrderDetails, HEALTH CHECK URL = /purchases/v1/PurchaseOrderDetails
2023-11-17T17:19:39,742 [-] [PassThroughMessageProcessor-21]  INFO __SynapseService STATUS = Message dispatched to the main sequence. Invalid URL., RESOURCE = /purchases/v1/PurchaseOrderDetails, HEALTH CHECK URL = /purchases/v1/PurchaseOrderDetails
2023-11-17T17:20:08,238 [-] [PassThroughMessageProcessor-22]  INFO __SynapseService STATUS = Message dispatched to the main sequence. Invalid URL., RESOURCE = /purchases/v1/PurchaseOrderDetails, HEALTH CHECK URL = /purchases/v1/PurchaseOrderDetails
2023-11-17T17:20:32,050 [-] [PassThroughMessageProcessor-23]  INFO __SynapseService STATUS = Message dispatched to the main sequence. Invalid URL., RESOURCE = /purchases/v1/PurchaseOrderDetails, HEALTH CHECK URL = /purchases/v1/PurchaseOrderDetails
2023-11-17T17:20:44,863 [-] [PassThroughMessageProcessor-24]  INFO __SynapseService STATUS = Message dispatched to the main sequence. Invalid URL., RESOURCE = /purchases/v1/PurchaseOrderDetails, HEALTH CHECK URL = /purchases/v1/PurchaseOrderDetails
2023-11-17T17:28:24,335 [-] [PassThroughMessageProcessor-25]  INFO __SynapseService STATUS = Message dispatched to the main sequence. Invalid URL., RESOURCE = /purchases/v1/PurchaseOrderDetails, HEALTH CHECK URL = /purchases/v1/PurchaseOrderDetails
2023-11-17T17:28:32,015 [-] [PassThroughMessageProcessor-26]  INFO __SynapseService STATUS = Message dispatched to the main sequence. Invalid URL., RESOURCE = /purchases/v1/PurchaseOrderDetails, HEALTH CHECK URL = /purchases/v1/PurchaseOrderDetails
2023-11-17T17:30:59,114 [-] [Framework Event Dispatcher: Equinox Container: 649044f8-6f5b-40ce-9610-e3d9113a674c]  INFO WorkflowCallbackService Building Axis service for Proxy service : WorkflowCallbackService
2023-11-17T17:30:59,119 [-] [Framework Event Dispatcher: Equinox Container: 649044f8-6f5b-40ce-9610-e3d9113a674c]  INFO WorkflowCallbackService Adding service WorkflowCallbackService to the Axis2 configuration
2023-11-17T17:30:59,120 [-] [Framework Event Dispatcher: Equinox Container: 649044f8-6f5b-40ce-9610-e3d9113a674c]  INFO WorkflowCallbackService Successfully created the Axis2 service for Proxy service : WorkflowCallbackService
2023-11-25T09:26:51,187 [-] [Framework Event Dispatcher: Equinox Container: 33bc0e9d-cc9f-42ac-bcf6-1b16a714cc84]  INFO WorkflowCallbackService Building Axis service for Proxy service : WorkflowCallbackService
2023-11-25T09:26:51,195 [-] [Framework Event Dispatcher: Equinox Container: 33bc0e9d-cc9f-42ac-bcf6-1b16a714cc84]  INFO WorkflowCallbackService Adding service WorkflowCallbackService to the Axis2 configuration
2023-11-25T09:26:51,196 [-] [Framework Event Dispatcher: Equinox Container: 33bc0e9d-cc9f-42ac-bcf6-1b16a714cc84]  INFO WorkflowCallbackService Successfully created the Axis2 service for Proxy service : WorkflowCallbackService
2023-11-25T11:00:50,506 [-] [Framework Event Dispatcher: Equinox Container: 0966962d-a777-4d67-8285-bfa8e1757058]  INFO WorkflowCallbackService Building Axis service for Proxy service : WorkflowCallbackService
2023-11-25T11:00:50,515 [-] [Framework Event Dispatcher: Equinox Container: 0966962d-a777-4d67-8285-bfa8e1757058]  INFO WorkflowCallbackService Adding service WorkflowCallbackService to the Axis2 configuration
2023-11-25T11:00:50,516 [-] [Framework Event Dispatcher: Equinox Container: 0966962d-a777-4d67-8285-bfa8e1757058]  INFO WorkflowCallbackService Successfully created the Axis2 service for Proxy service : WorkflowCallbackService
2023-12-02T16:50:46,708 [-] [Framework Event Dispatcher: Equinox Container: 286c58eb-789a-4789-be04-713f7864e45e]  INFO WorkflowCallbackService Building Axis service for Proxy service : WorkflowCallbackService
2023-12-02T16:50:46,722 [-] [Framework Event Dispatcher: Equinox Container: 286c58eb-789a-4789-be04-713f7864e45e]  INFO WorkflowCallbackService Adding service WorkflowCallbackService to the Axis2 configuration
2023-12-02T16:50:46,723 [-] [Framework Event Dispatcher: Equinox Container: 286c58eb-789a-4789-be04-713f7864e45e]  INFO WorkflowCallbackService Successfully created the Axis2 service for Proxy service : WorkflowCallbackService
2024-03-07T17:39:06,207 [-] [Framework Event Dispatcher: Equinox Container: c0ec7d86-3044-41be-a03b-c9cf3c5fcff1]  INFO WorkflowCallbackService Building Axis service for Proxy service : WorkflowCallbackService
2024-03-07T17:39:06,221 [-] [Framework Event Dispatcher: Equinox Container: c0ec7d86-3044-41be-a03b-c9cf3c5fcff1]  INFO WorkflowCallbackService Adding service WorkflowCallbackService to the Axis2 configuration
2024-03-07T17:39:06,222 [-] [Framework Event Dispatcher: Equinox Container: c0ec7d86-3044-41be-a03b-c9cf3c5fcff1]  INFO WorkflowCallbackService Successfully created the Axis2 service for Proxy service : WorkflowCallbackService
2024-03-08T08:50:35,531 [-] [Framework Event Dispatcher: Equinox Container: f629b4b1-9df5-4a24-8a2a-6e82e7378876]  INFO WorkflowCallbackService Building Axis service for Proxy service : WorkflowCallbackService
2024-03-08T08:50:35,547 [-] [Framework Event Dispatcher: Equinox Container: f629b4b1-9df5-4a24-8a2a-6e82e7378876]  INFO WorkflowCallbackService Adding service WorkflowCallbackService to the Axis2 configuration
2024-03-08T08:50:35,548 [-] [Framework Event Dispatcher: Equinox Container: f629b4b1-9df5-4a24-8a2a-6e82e7378876]  INFO WorkflowCallbackService Successfully created the Axis2 service for Proxy service : WorkflowCallbackService
2024-03-08T18:22:56,652 [-] [Framework Event Dispatcher: Equinox Container: 75c4cc3c-e889-447c-ab22-f1b8c3a607bd]  INFO WorkflowCallbackService Building Axis service for Proxy service : WorkflowCallbackService
2024-03-08T18:22:56,663 [-] [Framework Event Dispatcher: Equinox Container: 75c4cc3c-e889-447c-ab22-f1b8c3a607bd]  INFO WorkflowCallbackService Adding service WorkflowCallbackService to the Axis2 configuration
2024-03-08T18:22:56,665 [-] [Framework Event Dispatcher: Equinox Container: 75c4cc3c-e889-447c-ab22-f1b8c3a607bd]  INFO WorkflowCallbackService Successfully created the Axis2 service for Proxy service : WorkflowCallbackService
2024-03-08T18:42:21,216 [-] [Framework Event Dispatcher: Equinox Container: a4ac842e-ac3b-4687-b3f7-438796dc3c94]  INFO WorkflowCallbackService Building Axis service for Proxy service : WorkflowCallbackService
2024-03-08T18:42:21,227 [-] [Framework Event Dispatcher: Equinox Container: a4ac842e-ac3b-4687-b3f7-438796dc3c94]  INFO WorkflowCallbackService Adding service WorkflowCallbackService to the Axis2 configuration
2024-03-08T18:42:21,228 [-] [Framework Event Dispatcher: Equinox Container: a4ac842e-ac3b-4687-b3f7-438796dc3c94]  INFO WorkflowCallbackService Successfully created the Axis2 service for Proxy service : WorkflowCallbackService
2024-03-11T15:24:51,866 [-] [Framework Event Dispatcher: Equinox Container: b79434f1-889a-4795-8cef-67e117ccff08]  INFO WorkflowCallbackService Building Axis service for Proxy service : WorkflowCallbackService
2024-03-11T15:24:51,878 [-] [Framework Event Dispatcher: Equinox Container: b79434f1-889a-4795-8cef-67e117ccff08]  INFO WorkflowCallbackService Adding service WorkflowCallbackService to the Axis2 configuration
2024-03-11T15:24:51,879 [-] [Framework Event Dispatcher: Equinox Container: b79434f1-889a-4795-8cef-67e117ccff08]  INFO WorkflowCallbackService Successfully created the Axis2 service for Proxy service : WorkflowCallbackService
2024-03-11T16:42:09,314 [-] [Framework Event Dispatcher: Equinox Container: 8598f597-ac57-432e-9364-95e3dfa5a1d8]  INFO WorkflowCallbackService Building Axis service for Proxy service : WorkflowCallbackService
2024-03-11T16:42:09,320 [-] [Framework Event Dispatcher: Equinox Container: 8598f597-ac57-432e-9364-95e3dfa5a1d8]  INFO WorkflowCallbackService Adding service WorkflowCallbackService to the Axis2 configuration
2024-03-11T16:42:09,321 [-] [Framework Event Dispatcher: Equinox Container: 8598f597-ac57-432e-9364-95e3dfa5a1d8]  INFO WorkflowCallbackService Successfully created the Axis2 service for Proxy service : WorkflowCallbackService
2024-03-11T16:52:02,602 [-] [Framework Event Dispatcher: Equinox Container: 87c09faf-3f3c-4e02-bd8a-948960bf701d]  INFO WorkflowCallbackService Building Axis service for Proxy service : WorkflowCallbackService
2024-03-11T16:52:02,614 [-] [Framework Event Dispatcher: Equinox Container: 87c09faf-3f3c-4e02-bd8a-948960bf701d]  INFO WorkflowCallbackService Adding service WorkflowCallbackService to the Axis2 configuration
2024-03-11T16:52:02,616 [-] [Framework Event Dispatcher: Equinox Container: 87c09faf-3f3c-4e02-bd8a-948960bf701d]  INFO WorkflowCallbackService Successfully created the Axis2 service for Proxy service : WorkflowCallbackService
2024-03-11T17:10:21,166 [-] [Framework Event Dispatcher: Equinox Container: 052260c7-217c-407c-a544-1ca920288cc5]  INFO WorkflowCallbackService Building Axis service for Proxy service : WorkflowCallbackService
2024-03-11T17:10:21,173 [-] [Framework Event Dispatcher: Equinox Container: 052260c7-217c-407c-a544-1ca920288cc5]  INFO WorkflowCallbackService Adding service WorkflowCallbackService to the Axis2 configuration
2024-03-11T17:10:21,173 [-] [Framework Event Dispatcher: Equinox Container: 052260c7-217c-407c-a544-1ca920288cc5]  INFO WorkflowCallbackService Successfully created the Axis2 service for Proxy service : WorkflowCallbackService
2024-03-12T14:07:08,635 [-] [Framework Event Dispatcher: Equinox Container: 87eea267-61ae-41a7-8876-3ceb995b6c40]  INFO WorkflowCallbackService Building Axis service for Proxy service : WorkflowCallbackService
2024-03-12T14:07:08,641 [-] [Framework Event Dispatcher: Equinox Container: 87eea267-61ae-41a7-8876-3ceb995b6c40]  INFO WorkflowCallbackService Adding service WorkflowCallbackService to the Axis2 configuration
2024-03-12T14:07:08,641 [-] [Framework Event Dispatcher: Equinox Container: 87eea267-61ae-41a7-8876-3ceb995b6c40]  INFO WorkflowCallbackService Successfully created the Axis2 service for Proxy service : WorkflowCallbackService
2024-03-12T18:48:27,320 [-] [Framework Event Dispatcher: Equinox Container: 56c225e6-097a-4372-bbb8-82781bc477c0]  INFO WorkflowCallbackService Building Axis service for Proxy service : WorkflowCallbackService
2024-03-12T18:48:27,330 [-] [Framework Event Dispatcher: Equinox Container: 56c225e6-097a-4372-bbb8-82781bc477c0]  INFO WorkflowCallbackService Adding service WorkflowCallbackService to the Axis2 configuration
2024-03-12T18:48:27,331 [-] [Framework Event Dispatcher: Equinox Container: 56c225e6-097a-4372-bbb8-82781bc477c0]  INFO WorkflowCallbackService Successfully created the Axis2 service for Proxy service : WorkflowCallbackService
2024-03-13T15:12:39,463 [-] [Framework Event Dispatcher: Equinox Container: 9cc07347-20d9-4b47-bc22-e0cf33ec3d6c]  INFO WorkflowCallbackService Building Axis service for Proxy service : WorkflowCallbackService
2024-03-13T15:12:39,469 [-] [Framework Event Dispatcher: Equinox Container: 9cc07347-20d9-4b47-bc22-e0cf33ec3d6c]  INFO WorkflowCallbackService Adding service WorkflowCallbackService to the Axis2 configuration
2024-03-13T15:12:39,470 [-] [Framework Event Dispatcher: Equinox Container: 9cc07347-20d9-4b47-bc22-e0cf33ec3d6c]  INFO WorkflowCallbackService Successfully created the Axis2 service for Proxy service : WorkflowCallbackService
2024-03-13T16:11:50,317 [-] [PassThroughMessageProcessor-1]  INFO __SynapseService STATUS = Message dispatched to the main sequence. Invalid URL., RESOURCE = /users/v1, HEALTH CHECK URL = /users/v1
2024-03-13T16:11:57,776 [-] [PassThroughMessageProcessor-2]  INFO __SynapseService STATUS = Message dispatched to the main sequence. Invalid URL., RESOURCE = /users/v1/Users, HEALTH CHECK URL = /users/v1/Users
2024-03-13T16:12:05,764 [-] [PassThroughMessageProcessor-3]  INFO __SynapseService STATUS = Message dispatched to the main sequence. Invalid URL., RESOURCE = /users/v1/Users, HEALTH CHECK URL = /users/v1/Users
2024-03-13T16:15:50,728 [-] [PassThroughMessageProcessor-4]  INFO __SynapseService STATUS = Message dispatched to the main sequence. Invalid URL., RESOURCE = /users/v1/Users, HEALTH CHECK URL = /users/v1/Users
2024-03-13T16:15:52,952 [-] [PassThroughMessageProcessor-5]  INFO __SynapseService STATUS = Message dispatched to the main sequence. Invalid URL., RESOURCE = /users/v1/Users, HEALTH CHECK URL = /users/v1/Users
2024-03-13T16:15:54,037 [-] [PassThroughMessageProcessor-6]  INFO __SynapseService STATUS = Message dispatched to the main sequence. Invalid URL., RESOURCE = /users/v1/Users, HEALTH CHECK URL = /users/v1/Users
2024-03-13T16:15:55,546 [-] [PassThroughMessageProcessor-7]  INFO __SynapseService STATUS = Message dispatched to the main sequence. Invalid URL., RESOURCE = /users/v1/User, HEALTH CHECK URL = /users/v1/User
2024-03-13T16:15:58,109 [-] [PassThroughMessageProcessor-8]  INFO __SynapseService STATUS = Message dispatched to the main sequence. Invalid URL., RESOURCE = /users/v1/Users, HEALTH CHECK URL = /users/v1/Users
2024-03-13T16:22:20,592 [-] [Framework Event Dispatcher: Equinox Container: 2bf53f82-5b02-42e1-8f86-48d0269016d8]  INFO WorkflowCallbackService Building Axis service for Proxy service : WorkflowCallbackService
2024-03-13T16:22:20,616 [-] [Framework Event Dispatcher: Equinox Container: 2bf53f82-5b02-42e1-8f86-48d0269016d8]  INFO WorkflowCallbackService Adding service WorkflowCallbackService to the Axis2 configuration
2024-03-13T16:22:20,619 [-] [Framework Event Dispatcher: Equinox Container: 2bf53f82-5b02-42e1-8f86-48d0269016d8]  INFO WorkflowCallbackService Successfully created the Axis2 service for Proxy service : WorkflowCallbackService
2024-03-13T18:04:17,253 [-] [PassThroughMessageProcessor-30]  INFO __SynapseService STATUS = Message dispatched to the main sequence. Invalid URL., RESOURCE = /roles/v1/Roles, HEALTH CHECK URL = /roles/v1/Roles
2024-03-13T18:04:24,737 [-] [PassThroughMessageProcessor-31]  INFO __SynapseService STATUS = Message dispatched to the main sequence. Invalid URL., RESOURCE = /roles/v1/Roles, HEALTH CHECK URL = /roles/v1/Roles
2024-03-13T18:04:39,184 [-] [PassThroughMessageProcessor-32]  INFO __SynapseService STATUS = Message dispatched to the main sequence. Invalid URL., RESOURCE = /roles/v1/Roles, HEALTH CHECK URL = /roles/v1/Roles
2024-03-13T18:04:42,188 [-] [PassThroughMessageProcessor-33]  INFO __SynapseService STATUS = Message dispatched to the main sequence. Invalid URL., RESOURCE = /roles/v1/Roles, HEALTH CHECK URL = /roles/v1/Roles
2024-03-13T18:04:45,649 [-] [PassThroughMessageProcessor-34]  INFO __SynapseService STATUS = Message dispatched to the main sequence. Invalid URL., RESOURCE = /roles/v1/Roles, HEALTH CHECK URL = /roles/v1/Roles
2024-03-13T18:06:28,710 [-] [PassThroughMessageProcessor-35]  INFO __SynapseService STATUS = Message dispatched to the main sequence. Invalid URL., RESOURCE = /roles/v1/Roles, HEALTH CHECK URL = /roles/v1/Roles
2024-03-13T18:07:30,706 [-] [PassThroughMessageProcessor-36]  INFO __SynapseService STATUS = Message dispatched to the main sequence. Invalid URL., RESOURCE = /roles/v1/Role, HEALTH CHECK URL = /roles/v1/Role
2024-03-13T18:07:35,140 [-] [PassThroughMessageProcessor-37]  INFO __SynapseService STATUS = Message dispatched to the main sequence. Invalid URL., RESOURCE = /roles/v1/Role, HEALTH CHECK URL = /roles/v1/Role
2024-03-13T18:13:39,159 [-] [PassThroughMessageProcessor-38]  INFO __SynapseService STATUS = Message dispatched to the main sequence. Invalid URL., RESOURCE = /roles/v1/Roles, HEALTH CHECK URL = /roles/v1/Roles
2024-03-13T18:13:51,980 [-] [PassThroughMessageProcessor-39]  INFO __SynapseService STATUS = Message dispatched to the main sequence. Invalid URL., RESOURCE = /roles/v1/Roles, HEALTH CHECK URL = /roles/v1/Roles
2024-03-18T15:57:38,262 [-] [Framework Event Dispatcher: Equinox Container: b63d2f9b-a5cd-4aea-a396-7d497a196173]  INFO WorkflowCallbackService Building Axis service for Proxy service : WorkflowCallbackService
2024-03-18T15:57:38,271 [-] [Framework Event Dispatcher: Equinox Container: b63d2f9b-a5cd-4aea-a396-7d497a196173]  INFO WorkflowCallbackService Adding service WorkflowCallbackService to the Axis2 configuration
2024-03-18T15:57:38,272 [-] [Framework Event Dispatcher: Equinox Container: b63d2f9b-a5cd-4aea-a396-7d497a196173]  INFO WorkflowCallbackService Successfully created the Axis2 service for Proxy service : WorkflowCallbackService
2024-03-18T19:08:58,627 [-] [Framework Event Dispatcher: Equinox Container: 57f66a71-a683-45eb-9247-4cba790afd71]  INFO WorkflowCallbackService Building Axis service for Proxy service : WorkflowCallbackService
2024-03-18T19:08:58,638 [-] [Framework Event Dispatcher: Equinox Container: 57f66a71-a683-45eb-9247-4cba790afd71]  INFO WorkflowCallbackService Adding service WorkflowCallbackService to the Axis2 configuration
2024-03-18T19:08:58,639 [-] [Framework Event Dispatcher: Equinox Container: 57f66a71-a683-45eb-9247-4cba790afd71]  INFO WorkflowCallbackService Successfully created the Axis2 service for Proxy service : WorkflowCallbackService
2024-04-05T17:15:02,319 [-] [Framework Event Dispatcher: Equinox Container: 0e5eb411-3357-44e9-97f5-c11febb8d977]  INFO WorkflowCallbackService Building Axis service for Proxy service : WorkflowCallbackService
2024-04-05T17:15:02,329 [-] [Framework Event Dispatcher: Equinox Container: 0e5eb411-3357-44e9-97f5-c11febb8d977]  INFO WorkflowCallbackService Adding service WorkflowCallbackService to the Axis2 configuration
2024-04-05T17:15:02,330 [-] [Framework Event Dispatcher: Equinox Container: 0e5eb411-3357-44e9-97f5-c11febb8d977]  INFO WorkflowCallbackService Successfully created the Axis2 service for Proxy service : WorkflowCallbackService
